SF:lib/shared/colors.dart
DA:9,81
DA:13,54
DA:14,27
DA:15,54
DA:16,27
DA:20,81
DA:21,81
DA:23,81
DA:30,34
DA:31,17
DA:35,34
DA:36,17
DA:37,34
DA:38,17
DA:42,51
DA:43,51
DA:45,51
DA:52,57
DA:56,38
DA:57,19
DA:58,38
DA:59,19
DA:63,57
DA:64,57
DA:66,57
DA:73,40
DA:74,20
DA:78,40
DA:79,20
DA:80,40
DA:81,20
DA:85,60
DA:86,60
DA:88,60
LF:34
LH:34
end_of_record
SF:lib/shared/size_helper.dart
DA:5,0
DA:6,0
DA:9,0
DA:10,0
DA:13,0
DA:14,0
DA:17,0
DA:18,0
DA:21,0
DA:22,0
LF:10
LH:0
end_of_record
SF:lib/shared/themes/visa_themes.dart
DA:4,84
DA:6,27
DA:7,54
DA:8,27
DA:11,17
DA:12,34
DA:13,17
DA:16,19
DA:17,38
DA:18,19
DA:21,20
DA:22,40
DA:23,20
DA:26,33
DA:31,0
DA:33,0
DA:38,0
DA:42,0
DA:43,0
DA:47,0
DA:48,0
DA:50,0
DA:52,0
DA:53,0
DA:55,0
DA:56,0
DA:58,0
DA:59,0
DA:60,0
DA:61,0
DA:62,0
DA:64,0
DA:65,0
DA:66,0
DA:67,0
DA:68,0
DA:70,0
DA:71,0
DA:72,0
DA:74,0
DA:75,0
DA:76,0
DA:77,0
DA:79,0
DA:80,0
DA:81,0
DA:82,0
DA:84,0
DA:85,0
DA:86,0
DA:87,0
DA:88,0
DA:89,0
DA:90,0
DA:92,0
DA:93,0
DA:95,0
DA:96,0
DA:98,0
DA:99,0
DA:100,0
DA:101,0
DA:103,0
DA:104,0
DA:106,0
DA:107,0
DA:109,0
DA:110,0
DA:111,0
DA:113,0
DA:114,0
DA:115,0
DA:116,0
DA:117,0
DA:120,0
DA:121,0
DA:122,0
DA:130,0
DA:131,0
DA:132,0
DA:133,0
DA:134,0
DA:135,0
DA:136,0
DA:137,0
DA:138,0
DA:139,0
DA:140,0
DA:141,0
DA:142,0
DA:143,0
DA:144,0
DA:145,0
DA:146,0
DA:147,0
DA:148,0
DA:149,0
DA:150,0
DA:151,0
DA:152,0
DA:153,0
DA:154,0
DA:155,0
DA:156,0
DA:157,0
DA:158,0
DA:159,0
DA:160,0
DA:161,0
DA:162,0
DA:163,0
DA:164,0
DA:165,0
DA:166,0
DA:167,0
DA:168,0
DA:169,0
DA:170,0
DA:171,0
DA:172,0
DA:177,0
DA:179,0
DA:184,0
DA:188,0
DA:189,0
DA:193,0
DA:194,0
DA:196,0
DA:198,0
DA:199,0
DA:201,0
DA:202,0
DA:204,0
DA:205,0
DA:206,0
DA:207,0
DA:208,0
DA:210,0
DA:211,0
DA:212,0
DA:213,0
DA:214,0
DA:215,0
DA:217,0
DA:218,0
DA:219,0
DA:221,0
DA:222,0
DA:223,0
DA:224,0
DA:226,0
DA:227,0
DA:228,0
DA:229,0
DA:231,0
DA:232,0
DA:233,0
DA:234,0
DA:235,0
DA:236,0
DA:237,0
DA:239,0
DA:240,0
DA:242,0
DA:243,0
DA:245,0
DA:246,0
DA:247,0
DA:248,0
DA:250,0
DA:251,0
DA:253,0
DA:254,0
DA:256,0
DA:257,0
DA:258,0
DA:260,0
DA:261,0
DA:262,0
DA:263,0
DA:264,0
DA:267,0
DA:268,0
DA:276,0
DA:277,0
DA:278,0
DA:279,0
DA:280,0
DA:281,0
DA:282,0
DA:283,0
DA:284,0
DA:285,0
DA:286,0
DA:287,0
DA:288,0
DA:289,0
DA:290,0
DA:291,0
DA:292,0
DA:293,0
DA:294,0
DA:295,0
DA:296,0
DA:297,0
DA:298,0
DA:299,0
DA:300,0
DA:301,0
DA:302,0
DA:303,0
DA:304,0
DA:305,0
DA:306,0
DA:307,0
DA:308,0
DA:309,0
DA:310,0
DA:311,0
DA:312,0
DA:313,0
DA:314,0
DA:315,0
DA:316,0
DA:317,0
DA:318,0
DA:323,81
DA:328,27
DA:332,27
DA:333,27
DA:337,27
DA:338,27
DA:340,27
DA:342,27
DA:343,108
DA:345,27
DA:346,81
DA:348,27
DA:349,81
DA:350,81
DA:351,81
DA:352,81
DA:354,27
DA:355,27
DA:356,27
DA:357,81
DA:358,81
DA:359,81
DA:361,27
DA:362,81
DA:363,81
DA:365,27
DA:366,27
DA:367,27
DA:368,81
DA:370,27
DA:371,81
DA:372,81
DA:373,81
DA:375,27
DA:376,81
DA:377,81
DA:378,81
DA:379,81
DA:380,81
DA:381,81
DA:383,27
DA:384,81
DA:386,27
DA:387,81
DA:389,27
DA:390,27
DA:391,81
DA:392,108
DA:394,27
DA:395,81
DA:397,27
DA:398,81
DA:400,27
DA:401,81
DA:402,81
DA:404,27
DA:405,27
DA:406,81
DA:407,81
DA:408,81
DA:411,27
DA:412,108
DA:420,51
DA:425,17
DA:429,17
DA:430,17
DA:434,17
DA:435,17
DA:437,17
DA:439,17
DA:440,68
DA:442,17
DA:443,51
DA:445,17
DA:446,51
DA:447,51
DA:448,51
DA:449,51
DA:451,17
DA:452,17
DA:453,17
DA:454,51
DA:455,51
DA:456,51
DA:458,17
DA:459,51
DA:460,51
DA:462,17
DA:463,17
DA:464,17
DA:465,51
DA:467,17
DA:468,51
DA:469,51
DA:470,51
DA:472,17
DA:473,51
DA:474,51
DA:475,51
DA:476,51
DA:477,51
DA:478,51
DA:480,17
DA:481,51
DA:483,17
DA:484,51
DA:486,17
DA:487,17
DA:488,51
DA:489,68
DA:491,17
DA:492,51
DA:494,17
DA:495,51
DA:497,17
DA:498,51
DA:499,51
DA:501,17
DA:502,17
DA:503,51
DA:504,51
DA:505,51
DA:508,17
DA:509,68
DA:519,57
DA:524,19
DA:528,19
DA:529,19
DA:533,19
DA:534,19
DA:536,19
DA:538,19
DA:539,76
DA:541,19
DA:542,57
DA:544,19
DA:545,57
DA:546,57
DA:547,57
DA:548,57
DA:550,19
DA:551,19
DA:552,19
DA:553,19
DA:554,57
DA:555,57
DA:556,57
DA:558,19
DA:559,19
DA:560,19
DA:561,57
DA:563,19
DA:564,57
DA:565,57
DA:566,57
DA:568,19
DA:569,57
DA:570,57
DA:571,57
DA:572,57
DA:573,57
DA:574,57
DA:576,19
DA:577,57
DA:579,19
DA:580,57
DA:582,19
DA:583,19
DA:584,57
DA:585,76
DA:587,19
DA:588,76
DA:592,19
DA:593,76
DA:597,19
DA:598,57
DA:599,57
DA:601,19
DA:602,19
DA:603,57
DA:604,57
DA:605,57
DA:608,19
DA:609,76
DA:617,60
DA:622,20
DA:626,20
DA:627,20
DA:631,20
DA:632,20
DA:634,20
DA:636,20
DA:637,80
DA:639,20
DA:640,60
DA:642,20
DA:643,60
DA:644,60
DA:645,60
DA:646,60
DA:648,20
DA:649,20
DA:650,20
DA:651,20
DA:652,60
DA:653,60
DA:654,60
DA:656,20
DA:657,20
DA:658,20
DA:659,60
DA:661,20
DA:662,60
DA:663,60
DA:664,60
DA:666,20
DA:667,60
DA:668,60
DA:669,60
DA:670,60
DA:671,60
DA:672,60
DA:674,20
DA:675,60
DA:677,20
DA:678,60
DA:680,20
DA:681,20
DA:682,60
DA:683,80
DA:685,20
DA:686,80
DA:690,20
DA:691,80
DA:695,20
DA:696,60
DA:697,60
DA:699,20
DA:700,20
DA:701,60
DA:702,60
DA:703,60
DA:706,20
DA:707,80
DA:740,28
DA:741,28
DA:742,28
DA:750,56
DA:753,0
DA:754,0
DA:757,0
DA:758,0
DA:759,0
DA:761,0
DA:766,0
DA:767,0
DA:769,0
DA:770,0
DA:771,0
DA:782,28
DA:783,28
DA:791,0
DA:792,0
DA:799,0
DA:800,0
DA:807,0
DA:808,0
DA:815,1
DA:816,2
DA:823,27
DA:824,54
DA:831,27
DA:832,54
DA:839,1
DA:840,2
DA:847,27
DA:848,54
DA:855,0
DA:856,0
DA:863,1
DA:864,2
DA:871,0
DA:872,0
DA:879,27
DA:880,54
DA:888,27
DA:889,54
DA:897,27
DA:898,54
DA:905,27
DA:906,54
DA:913,27
DA:914,54
DA:918,0
DA:919,0
DA:926,27
DA:927,54
DA:934,27
DA:935,54
DA:942,27
DA:943,54
DA:950,27
DA:951,54
DA:958,28
DA:959,56
DA:967,0
DA:968,0
DA:975,0
DA:976,0
DA:983,0
DA:984,0
DA:991,0
DA:992,0
LF:539
LH:296
end_of_record
SF:lib/shared/themes/visa_theme_extension.dart
DA:5,27
DA:22,27
DA:35,24
DA:44,27
DA:52,27
DA:63,0
DA:80,27
DA:101,27
DA:116,27
DA:127,27
DA:135,27
DA:143,27
DA:153,27
DA:164,27
DA:178,27
DA:194,27
DA:214,27
DA:219,27
DA:226,27
DA:237,27
DA:246,27
DA:257,27
DA:278,27
DA:288,27
DA:298,27
DA:309,27
DA:399,0
DA:445,0
DA:447,0
DA:448,0
DA:449,0
DA:450,0
DA:452,0
DA:453,0
DA:455,0
DA:457,0
DA:458,0
DA:460,0
DA:461,0
DA:463,0
DA:465,0
DA:466,0
DA:467,0
DA:468,0
DA:469,0
DA:470,0
DA:471,0
DA:472,0
DA:473,0
DA:474,0
DA:475,0
DA:476,0
DA:477,0
DA:478,0
DA:479,0
DA:480,0
DA:481,0
DA:482,0
DA:483,0
DA:484,0
DA:485,0
DA:486,0
DA:487,0
DA:488,0
DA:489,0
DA:490,0
DA:491,0
DA:492,0
DA:493,0
DA:494,0
DA:498,0
DA:501,0
DA:504,0
DA:506,0
DA:507,0
DA:508,0
DA:509,0
DA:510,0
DA:511,0
DA:512,0
DA:513,0
DA:514,0
DA:515,0
DA:516,0
DA:517,0
DA:518,0
DA:519,0
DA:520,0
DA:521,0
DA:522,0
DA:523,0
DA:524,0
DA:525,0
DA:526,0
DA:527,0
DA:528,0
DA:529,0
DA:530,0
DA:531,0
DA:532,0
DA:533,0
DA:534,0
DA:535,0
DA:536,0
DA:537,0
DA:538,0
DA:539,0
DA:540,0
DA:541,0
DA:542,0
DA:543,0
DA:544,0
DA:545,0
DA:546,0
DA:547,0
DA:554,24
DA:643,0
DA:689,0
DA:691,0
DA:692,0
DA:693,0
DA:694,0
DA:696,0
DA:697,0
DA:699,0
DA:701,0
DA:702,0
DA:704,0
DA:705,0
DA:707,0
DA:709,0
DA:710,0
DA:711,0
DA:712,0
DA:713,0
DA:714,0
DA:715,0
DA:716,0
DA:717,0
DA:718,0
DA:719,0
DA:720,0
DA:721,0
DA:722,0
DA:723,0
DA:724,0
DA:725,0
DA:726,0
DA:727,0
DA:728,0
DA:729,0
DA:730,0
DA:731,0
DA:732,0
DA:733,0
DA:734,0
DA:735,0
DA:736,0
DA:737,0
DA:738,0
DA:742,0
DA:745,0
DA:748,0
DA:750,0
DA:751,0
DA:752,0
DA:753,0
DA:754,0
DA:755,0
DA:756,0
DA:757,0
DA:758,0
DA:759,0
DA:760,0
DA:761,0
DA:762,0
DA:763,0
DA:764,0
DA:765,0
DA:766,0
DA:767,0
DA:768,0
DA:769,0
DA:770,0
DA:771,0
DA:772,0
DA:773,0
DA:774,0
DA:775,0
DA:776,0
DA:777,0
DA:778,0
DA:779,0
DA:780,0
DA:781,0
DA:782,0
DA:783,0
DA:784,0
DA:785,0
DA:786,0
DA:787,0
DA:788,0
DA:789,0
DA:790,0
DA:791,0
DA:798,28
DA:844,0
DA:868,0
DA:869,0
DA:870,0
DA:871,0
DA:872,0
DA:873,0
DA:874,0
DA:875,0
DA:877,0
DA:879,0
DA:880,0
DA:881,0
DA:882,0
DA:883,0
DA:884,0
DA:885,0
DA:886,0
DA:887,0
DA:888,0
DA:889,0
DA:890,0
DA:891,0
DA:895,0
DA:898,0
DA:901,0
DA:902,0
DA:903,0
DA:904,0
DA:905,0
DA:906,0
DA:907,0
DA:908,0
DA:909,0
DA:910,0
DA:912,0
DA:913,0
DA:914,0
DA:916,0
DA:917,0
DA:919,0
DA:920,0
DA:921,0
DA:922,0
DA:923,0
DA:924,0
DA:925,0
DA:926,0
LF:254
LH:27
end_of_record
SF:lib/visa_material_widgets/visa_mat_checkbox.dart
DA:56,1
DA:75,1
DA:76,1
DA:296,1
DA:297,1
DA:305,1
DA:307,1
DA:308,3
DA:311,1
DA:313,1
DA:314,4
DA:315,2
DA:316,1
DA:320,1
DA:322,2
DA:323,1
DA:326,1
DA:327,2
DA:329,1
DA:330,2
DA:332,1
DA:333,2
DA:335,1
DA:336,2
DA:337,1
DA:340,1
DA:341,2
DA:347,1
DA:348,2
DA:349,2
DA:350,1
DA:351,0
DA:353,1
DA:354,0
DA:356,1
DA:360,1
DA:361,1
DA:362,0
DA:364,2
DA:368,1
DA:370,1
DA:371,1
DA:373,2
DA:374,2
DA:375,1
DA:376,2
DA:377,2
DA:378,1
DA:381,1
DA:384,1
DA:389,2
DA:392,1
DA:393,1
DA:394,1
DA:395,2
DA:396,2
DA:397,1
DA:402,2
DA:403,1
DA:404,1
DA:406,3
DA:407,2
DA:408,0
DA:409,0
DA:411,3
DA:412,2
DA:413,2
DA:414,2
DA:416,2
DA:418,3
DA:419,2
DA:420,2
DA:421,1
DA:423,2
DA:425,3
DA:426,2
DA:427,2
DA:428,1
DA:431,1
DA:432,2
DA:433,1
DA:434,2
DA:435,1
DA:438,1
DA:439,2
DA:440,1
DA:441,2
DA:442,1
DA:444,2
DA:445,2
DA:448,1
DA:449,3
DA:450,1
DA:452,2
DA:453,2
DA:455,1
DA:456,2
DA:457,2
DA:458,2
DA:459,2
DA:460,1
DA:461,1
DA:462,1
DA:463,1
DA:464,3
DA:465,2
DA:467,2
DA:468,3
DA:469,3
DA:470,1
DA:471,1
DA:472,1
DA:473,2
DA:474,2
DA:475,3
DA:476,2
DA:480,4
DA:481,3
DA:491,2
DA:493,1
DA:494,2
DA:497,1
DA:498,1
DA:501,2
DA:503,1
DA:504,2
DA:507,1
DA:508,1
DA:511,2
DA:513,1
DA:514,2
DA:517,1
DA:518,1
DA:521,2
DA:523,1
DA:524,2
DA:527,1
DA:528,1
DA:531,2
DA:533,1
DA:534,2
DA:537,1
DA:538,1
DA:545,1
DA:546,4
DA:547,2
DA:549,5
DA:555,1
DA:557,1
DA:558,1
DA:559,4
DA:563,1
DA:564,1
DA:565,2
DA:566,1
DA:567,1
DA:570,1
DA:573,3
DA:576,3
DA:580,1
DA:581,3
DA:584,1
DA:588,1
DA:589,0
DA:590,0
DA:591,0
DA:592,0
DA:594,2
DA:595,1
DA:596,7
DA:597,7
DA:598,7
DA:600,1
DA:603,1
DA:604,3
DA:610,2
DA:611,1
DA:612,3
DA:615,1
DA:617,2
DA:619,1
DA:621,3
DA:622,2
DA:624,2
DA:625,2
DA:626,3
DA:629,4
DA:630,3
DA:631,1
DA:632,3
DA:634,1
DA:636,3
DA:637,1
DA:639,2
DA:640,2
DA:641,2
DA:642,0
DA:644,1
DA:649,1
DA:650,3
DA:652,2
DA:653,1
DA:654,2
DA:655,2
DA:656,1
DA:658,0
DA:661,2
DA:662,2
DA:663,0
DA:665,1
LF:210
LH:198
end_of_record
SF:lib/visa_material_widgets/visa_mat_checkbox_list_tile.dart
DA:119,1
DA:148,1
DA:149,1
DA:150,1
DA:298,1
DA:299,1
DA:306,1
DA:308,1
DA:309,3
DA:311,3
DA:313,2
DA:314,3
DA:320,1
DA:321,2
DA:322,2
DA:323,1
DA:324,3
DA:326,1
DA:327,5
DA:329,1
DA:330,3
DA:335,1
DA:337,2
DA:338,1
DA:339,1
DA:340,2
DA:341,2
DA:342,2
DA:343,2
DA:344,2
DA:346,2
DA:347,2
DA:348,2
DA:349,2
DA:352,2
DA:353,1
DA:355,2
DA:357,0
DA:358,0
DA:359,0
DA:363,0
DA:364,0
DA:373,1
DA:374,1
DA:376,5
DA:377,1
DA:379,2
DA:380,1
DA:381,0
DA:383,0
DA:384,0
DA:385,0
DA:387,1
DA:388,0
DA:390,0
DA:391,0
DA:392,0
DA:394,0
DA:395,0
DA:396,0
DA:399,0
DA:401,0
DA:402,0
DA:403,0
DA:407,1
DA:409,0
DA:411,0
DA:415,1
DA:416,2
DA:419,1
DA:420,1
DA:422,5
DA:423,1
DA:424,3
DA:425,1
DA:426,2
DA:427,1
DA:428,2
DA:429,1
DA:430,1
DA:431,1
DA:432,1
DA:435,1
DA:436,2
DA:437,1
DA:438,3
DA:439,1
DA:440,1
DA:441,2
DA:442,2
DA:445,2
DA:449,0
DA:450,0
DA:451,0
DA:454,0
DA:455,0
DA:456,0
DA:460,2
DA:464,0
LF:99
LH:70
end_of_record
SF:lib/visa_material_widgets/visa_mat_chips.dart
DA:538,0
DA:565,0
DA:616,0
DA:618,0
DA:619,0
DA:620,0
DA:621,0
DA:622,0
DA:623,0
DA:624,0
DA:625,0
DA:626,0
DA:627,0
DA:629,0
DA:630,0
DA:631,0
DA:632,0
DA:633,0
DA:634,0
DA:635,0
DA:636,0
DA:637,0
DA:638,0
DA:639,0
DA:640,0
DA:641,0
DA:693,1
DA:734,2
DA:735,2
DA:828,1
DA:829,1
DA:846,3
DA:847,3
DA:849,1
DA:850,2
DA:851,2
DA:852,4
DA:856,3
DA:858,1
DA:860,4
DA:861,1
DA:862,3
DA:863,3
DA:864,2
DA:866,2
DA:869,2
DA:870,1
DA:873,2
DA:875,3
DA:878,2
DA:880,1
DA:883,2
DA:885,2
DA:892,3
DA:894,2
DA:895,1
DA:897,2
DA:898,1
DA:899,2
DA:900,1
DA:902,2
DA:903,1
DA:904,1
DA:909,2
DA:910,1
DA:913,2
DA:914,1
DA:916,1
DA:917,1
DA:922,2
DA:923,1
DA:928,1
DA:930,2
DA:931,2
DA:932,2
DA:933,2
DA:934,1
DA:937,1
DA:938,1
DA:941,1
DA:942,2
DA:943,1
DA:947,0
DA:948,0
DA:951,0
DA:952,0
DA:953,0
DA:957,1
DA:958,1
DA:961,1
DA:962,2
DA:963,1
DA:966,5
DA:967,2
DA:970,1
DA:973,1
DA:974,3
DA:975,0
DA:976,0
DA:977,0
DA:978,0
DA:980,1
DA:981,3
DA:982,0
DA:983,0
DA:984,0
DA:985,0
DA:987,1
DA:990,1
DA:997,1
DA:1002,2
DA:1003,0
DA:1008,1
DA:1010,1
DA:1011,1
DA:1012,3
DA:1013,2
DA:1014,1
DA:1016,1
DA:1017,3
DA:1018,2
DA:1019,1
DA:1021,1
DA:1022,3
DA:1023,3
DA:1024,1
DA:1026,1
DA:1030,1
DA:1031,2
DA:1034,2
DA:1036,0
DA:1037,0
DA:1038,0
DA:1039,0
DA:1040,0
DA:1041,0
DA:1042,0
DA:1043,0
DA:1045,0
DA:1046,0
DA:1047,0
DA:1048,0
DA:1049,0
DA:1050,0
DA:1052,0
DA:1056,0
DA:1058,0
DA:1059,0
DA:1060,0
DA:1061,0
DA:1062,0
DA:1063,0
DA:1065,0
DA:1069,0
DA:1070,0
DA:1071,0
DA:1072,0
DA:1073,0
DA:1075,0
DA:1079,0
DA:1080,0
DA:1081,0
DA:1082,0
DA:1083,0
DA:1085,0
DA:1089,0
DA:1090,0
DA:1091,0
DA:1092,0
DA:1094,0
DA:1100,1
DA:1105,1
DA:1111,1
DA:1117,1
DA:1120,1
DA:1123,1
DA:1124,2
DA:1125,2
DA:1126,2
DA:1127,1
DA:1129,5
DA:1131,1
DA:1133,3
DA:1134,4
DA:1135,1
DA:1136,2
DA:1137,2
DA:1138,0
DA:1139,0
DA:1140,0
DA:1142,2
DA:1149,1
DA:1151,1
DA:1152,1
DA:1153,1
DA:1154,1
DA:1160,1
DA:1163,3
DA:1166,1
DA:1167,1
DA:1168,2
DA:1169,2
DA:1170,1
DA:1171,3
DA:1172,0
DA:1174,0
DA:1175,0
DA:1176,0
DA:1177,0
DA:1179,1
DA:1181,1
DA:1184,2
DA:1185,2
DA:1186,0
DA:1187,0
DA:1190,4
DA:1191,2
DA:1192,1
DA:1193,1
DA:1194,2
DA:1195,1
DA:1196,1
DA:1197,2
DA:1198,1
DA:1199,1
DA:1200,2
DA:1201,0
DA:1202,0
DA:1204,2
DA:1207,2
DA:1208,2
DA:1209,0
DA:1210,0
DA:1213,4
DA:1215,3
DA:1216,1
DA:1217,2
DA:1219,1
DA:1220,1
DA:1221,0
DA:1222,2
DA:1224,1
DA:1225,1
DA:1226,2
DA:1230,2
DA:1231,1
DA:1234,1
DA:1235,2
DA:1236,2
DA:1237,2
DA:1238,2
DA:1239,2
DA:1240,2
DA:1241,2
DA:1243,1
DA:1244,1
DA:1245,3
DA:1246,1
DA:1247,1
DA:1248,1
DA:1250,1
DA:1255,1
DA:1256,2
DA:1257,4
DA:1258,1
DA:1259,1
DA:1260,1
DA:1266,2
DA:1268,1
DA:1273,1
DA:1277,1
DA:1280,1
DA:1281,3
DA:1282,1
DA:1283,1
DA:1286,1
DA:1288,2
DA:1289,1
DA:1290,1
DA:1291,1
DA:1292,1
DA:1293,2
DA:1294,2
DA:1303,4
DA:1304,2
DA:1305,1
DA:1306,1
DA:1307,2
DA:1308,2
DA:1311,0
DA:1314,1
DA:1316,1
DA:1322,1
DA:1323,2
DA:1325,2
DA:1326,3
DA:1333,1
DA:1345,1
DA:1347,1
DA:1348,0
DA:1350,1
DA:1351,0
DA:1352,0
DA:1354,1
DA:1355,1
DA:1357,1
DA:1358,0
DA:1360,1
DA:1370,1
DA:1377,1
DA:1379,2
DA:1382,1
DA:1385,2
DA:1390,1
DA:1391,1
DA:1393,1
DA:1395,2
DA:1401,5
DA:1402,1
DA:1403,1
DA:1405,1
DA:1406,2
DA:1407,2
DA:1415,1
DA:1435,1
DA:1438,1
DA:1441,1
DA:1442,2
DA:1443,1
DA:1444,2
DA:1445,1
DA:1446,2
DA:1450,1
DA:1453,2
DA:1454,2
DA:1455,2
DA:1456,2
DA:1457,2
DA:1458,2
DA:1459,2
DA:1460,2
DA:1461,2
DA:1464,1
DA:1467,1
DA:1468,1
DA:1469,1
DA:1470,1
DA:1471,1
DA:1472,1
DA:1473,1
DA:1474,1
DA:1475,1
DA:1476,1
DA:1489,1
DA:1515,1
DA:1520,3
DA:1523,1
DA:1524,3
DA:1525,0
DA:1526,0
DA:1527,0
DA:1528,0
DA:1529,0
DA:1530,0
DA:1531,0
DA:1532,0
DA:1533,0
DA:1536,0
DA:1537,0
DA:1538,0
DA:1539,0
DA:1540,0
DA:1541,0
DA:1542,0
DA:1543,0
DA:1544,0
DA:1545,0
DA:1546,0
DA:1547,0
DA:1553,1
DA:1565,3
DA:1566,3
DA:1567,3
DA:1568,3
DA:1581,2
DA:1582,2
DA:1583,2
DA:1585,2
DA:1587,1
DA:1588,2
DA:1591,1
DA:1592,1
DA:1595,2
DA:1597,1
DA:1598,2
DA:1601,0
DA:1602,0
DA:1606,1
DA:1608,1
DA:1609,3
DA:1610,3
DA:1611,3
DA:1615,0
DA:1616,0
DA:1617,3
DA:1619,1
DA:1622,0
DA:1623,0
DA:1626,0
DA:1627,0
DA:1630,0
DA:1631,0
DA:1634,2
DA:1636,1
DA:1637,4
DA:1639,1
DA:1640,1
DA:1642,0
DA:1648,0
DA:1649,0
DA:1650,0
DA:1651,0
DA:1652,0
DA:1655,0
DA:1658,0
DA:1659,0
DA:1660,0
DA:1661,0
DA:1662,0
DA:1665,0
DA:1667,0
DA:1669,0
DA:1670,0
DA:1671,0
DA:1675,0
DA:1677,0
DA:1679,0
DA:1682,0
DA:1685,1
DA:1690,2
DA:1691,1
DA:1693,2
DA:1694,1
DA:1695,4
DA:1696,3
DA:1698,1
DA:1699,1
DA:1700,1
DA:1702,1
DA:1703,1
DA:1707,1
DA:1708,5
DA:1709,5
DA:1713,0
DA:1714,0
DA:1715,0
DA:1716,0
DA:1717,0
DA:1718,0
DA:1722,0
DA:1723,0
DA:1724,0
DA:1728,1
DA:1730,1
DA:1731,1
DA:1735,2
DA:1736,4
DA:1737,1
DA:1741,2
DA:1742,0
DA:1744,4
DA:1746,2
DA:1747,1
DA:1750,1
DA:1752,1
DA:1753,1
DA:1757,2
DA:1758,1
DA:1759,1
DA:1763,5
DA:1764,2
DA:1765,1
DA:1768,1
DA:1770,2
DA:1773,1
DA:1774,1
DA:1775,2
DA:1777,1
DA:1778,2
DA:1779,1
DA:1782,2
DA:1785,2
DA:1786,1
DA:1787,1
DA:1789,1
DA:1790,2
DA:1791,1
DA:1798,0
DA:1800,0
DA:1803,1
DA:1805,1
DA:1808,6
DA:1809,2
DA:1810,1
DA:1811,8
DA:1812,5
DA:1815,1
DA:1817,1
DA:1818,1
DA:1820,3
DA:1821,2
DA:1828,1
DA:1829,5
DA:1831,1
DA:1833,1
DA:1834,5
DA:1835,5
DA:1838,1
DA:1839,1
DA:1849,1
DA:1852,2
DA:1857,2
DA:1859,1
DA:1860,4
DA:1861,1
DA:1862,1
DA:1863,0
DA:1864,0
DA:1865,0
DA:1867,1
DA:1868,1
DA:1870,7
DA:1881,1
DA:1882,1
DA:1884,0
DA:1885,0
DA:1886,0
DA:1888,0
DA:1889,0
DA:1890,0
DA:1891,0
DA:1894,0
DA:1895,0
DA:1897,0
DA:1899,0
DA:1901,0
DA:1902,0
DA:1903,0
DA:1904,0
DA:1906,0
DA:1907,0
DA:1908,0
DA:1909,0
DA:1912,0
DA:1914,1
DA:1916,4
DA:1917,2
DA:1918,7
DA:1919,3
DA:1921,2
DA:1922,3
DA:1923,2
DA:1924,2
DA:1927,1
DA:1928,0
DA:1929,6
DA:1930,6
DA:1933,1
DA:1935,7
DA:1936,1
DA:1937,2
DA:1938,2
DA:1939,4
DA:1941,6
DA:1942,6
DA:1945,1
DA:1949,1
DA:1950,1
DA:1952,7
DA:1953,4
DA:1956,7
DA:1957,3
DA:1958,8
DA:1959,3
DA:1960,4
DA:1961,1
DA:1962,6
DA:1963,6
DA:1965,3
DA:1967,6
DA:1968,0
DA:1969,0
DA:1972,6
DA:1973,0
DA:1974,0
DA:1978,0
DA:1983,1
DA:1984,2
DA:1988,2
DA:1989,1
DA:1990,1
DA:1991,1
DA:1994,0
DA:1995,0
DA:1996,0
DA:2000,2
DA:2003,0
DA:2005,0
DA:2006,0
DA:2008,0
DA:2009,0
DA:2010,0
DA:2012,0
DA:2013,0
DA:2014,0
DA:2016,0
DA:2021,0
DA:2023,0
DA:2024,0
DA:2027,0
DA:2028,0
DA:2029,0
DA:2030,0
DA:2031,0
DA:2032,0
DA:2034,0
DA:2035,0
DA:2039,0
DA:2042,0
DA:2043,0
DA:2044,0
DA:2045,0
DA:2046,0
DA:2047,0
DA:2048,0
DA:2049,0
DA:2050,0
DA:2052,0
DA:2053,0
DA:2054,0
DA:2055,0
DA:2056,0
DA:2058,0
DA:2061,0
DA:2062,0
DA:2063,0
DA:2064,0
DA:2065,0
DA:2066,0
DA:2067,0
DA:2068,0
DA:2069,0
DA:2072,0
DA:2073,0
DA:2074,0
DA:2075,0
DA:2079,1
DA:2080,0
DA:2081,0
DA:2082,0
DA:2085,4
DA:2088,0
DA:2089,0
DA:2090,0
DA:2091,0
DA:2092,0
DA:2094,0
DA:2095,0
DA:2096,0
DA:2097,0
DA:2100,0
DA:2101,0
DA:2102,0
DA:2107,1
DA:2112,2
DA:2113,2
DA:2114,1
DA:2115,1
DA:2116,1
DA:2117,1
DA:2118,4
DA:2123,2
DA:2124,2
DA:2125,4
DA:2126,4
DA:2127,2
DA:2130,4
DA:2134,1
DA:2136,1
DA:2137,1
DA:2138,3
DA:2140,3
DA:2147,1
DA:2149,1
DA:2150,0
DA:2153,0
DA:2154,0
DA:2155,0
DA:2156,0
DA:2157,0
DA:2158,0
DA:2159,0
DA:2161,0
DA:2162,0
DA:2163,0
DA:2166,0
DA:2169,0
DA:2171,0
DA:2175,1
DA:2194,1
DA:2198,1
DA:2212,2
DA:2227,1
DA:2236,1
DA:2237,1
DA:2239,4
DA:2253,1
DA:2254,2
DA:2255,5
DA:2258,1
DA:2259,2
DA:2260,2
DA:2261,0
DA:2262,0
DA:2274,1
DA:2275,1
DA:2284,4
DA:2285,4
DA:2287,1
DA:2288,2
DA:2290,1
DA:2294,1
DA:2297,1
DA:2298,2
DA:2300,1
DA:2303,0
DA:2306,0
DA:2307,0
DA:2308,0
DA:2309,0
DA:2311,1
DA:2312,1
DA:2313,5
DA:2317,0
DA:2324,0
DA:2325,0
DA:2328,0
LF:747
LH:461
end_of_record
SF:lib/visa_material_widgets/visa_mat_circular_progress.dart
DA:16,1
DA:36,0
DA:56,1
DA:57,1
DA:64,1
DA:66,1
DA:74,0
DA:76,0
DA:79,0
DA:81,0
DA:84,0
DA:85,0
DA:86,0
DA:87,0
DA:91,1
DA:93,1
DA:94,2
DA:98,2
DA:99,0
DA:103,0
DA:105,0
DA:106,0
DA:107,0
DA:108,0
DA:109,0
DA:113,1
DA:115,2
DA:116,1
DA:119,0
DA:120,0
DA:121,0
DA:124,1
DA:126,2
DA:127,1
DA:128,0
DA:129,2
DA:130,0
DA:132,2
DA:134,1
DA:139,1
DA:140,1
DA:143,3
DA:144,2
DA:150,2
DA:151,2
DA:158,0
DA:159,0
DA:160,0
DA:161,0
DA:162,0
DA:164,0
DA:165,0
DA:166,0
DA:167,0
DA:173,1
DA:175,2
DA:176,1
DA:177,2
DA:178,1
DA:180,0
DA:181,0
DA:182,0
DA:183,0
DA:184,0
DA:185,0
DA:186,0
DA:187,0
DA:188,0
DA:189,0
DA:190,0
DA:191,0
DA:192,0
DA:194,0
DA:201,1
DA:213,0
DA:214,0
DA:215,0
DA:216,0
DA:218,2
DA:219,0
DA:220,0
DA:241,1
DA:243,1
DA:244,2
DA:245,2
DA:246,2
DA:247,1
DA:248,1
DA:249,1
DA:250,2
DA:251,2
DA:252,2
DA:253,1
DA:254,2
DA:257,1
DA:259,0
DA:262,4
DA:265,0
DA:267,0
DA:268,0
DA:269,0
DA:270,0
DA:271,0
DA:272,0
DA:273,0
DA:274,0
DA:275,0
DA:293,1
DA:360,1
DA:361,1
DA:362,1
DA:363,0
DA:365,0
DA:368,0
DA:370,0
DA:371,0
DA:375,1
DA:379,1
DA:380,1
DA:381,4
DA:383,1
DA:384,1
DA:392,1
DA:395,4
DA:397,1
DA:398,2
DA:403,0
DA:408,0
DA:409,0
LF:129
LH:60
end_of_record
SF:lib/visa_material_widgets/visa_mat_expansion_tile.dart
DA:45,0
DA:67,0
DA:68,0
DA:70,0
DA:74,0
DA:202,0
DA:203,0
DA:208,0
DA:209,0
DA:210,0
DA:211,0
DA:212,0
DA:213,0
DA:230,0
DA:232,0
DA:233,0
DA:234,0
DA:235,0
DA:236,0
DA:237,0
DA:238,0
DA:239,0
DA:240,0
DA:242,0
DA:243,0
DA:244,0
DA:247,0
DA:249,0
DA:250,0
DA:253,0
DA:254,0
DA:255,0
DA:256,0
DA:257,0
DA:259,0
DA:260,0
DA:261,0
DA:266,0
DA:268,0
DA:272,0
DA:275,0
DA:277,0
DA:278,0
DA:283,0
DA:284,0
DA:285,0
DA:290,0
DA:291,0
DA:293,0
DA:296,0
DA:297,0
DA:299,0
DA:302,0
DA:303,0
DA:305,0
DA:306,0
DA:307,0
DA:308,0
DA:309,0
DA:312,0
DA:314,0
DA:315,0
DA:316,0
DA:317,0
DA:318,0
DA:319,0
DA:320,0
DA:321,0
DA:322,0
DA:323,0
DA:324,0
DA:325,0
DA:328,0
DA:329,0
DA:330,0
DA:331,0
DA:340,0
DA:342,0
DA:343,0
DA:344,0
DA:345,0
DA:346,0
DA:347,0
DA:348,0
DA:349,0
DA:350,0
DA:351,0
DA:352,0
DA:353,0
DA:354,0
DA:357,0
DA:359,0
DA:360,0
DA:362,0
DA:364,0
DA:366,0
DA:367,0
DA:368,0
DA:370,0
DA:371,0
DA:377,0
DA:378,0
DA:379,0
LF:103
LH:0
end_of_record
SF:lib/visa_material_widgets/visa_mat_radio.dart
DA:63,1
DA:80,1
DA:274,4
DA:276,1
DA:277,1
DA:284,0
DA:286,0
DA:290,0
DA:294,0
DA:296,0
DA:297,0
DA:298,0
DA:302,1
DA:304,2
DA:305,1
DA:308,1
DA:310,3
DA:312,0
DA:313,0
DA:315,1
DA:316,2
DA:318,0
DA:319,0
DA:320,0
DA:323,0
DA:324,0
DA:330,0
DA:331,0
DA:332,0
DA:333,0
DA:334,0
DA:336,0
DA:337,0
DA:339,0
DA:343,1
DA:345,1
DA:346,1
DA:348,2
DA:349,0
DA:350,0
DA:351,2
DA:352,2
DA:353,1
DA:356,1
DA:359,1
DA:364,2
DA:367,1
DA:368,1
DA:369,1
DA:370,2
DA:371,2
DA:372,1
DA:378,2
DA:379,1
DA:380,1
DA:382,3
DA:383,0
DA:384,0
DA:385,0
DA:387,3
DA:388,0
DA:389,0
DA:390,0
DA:392,2
DA:394,3
DA:395,0
DA:396,0
DA:397,0
DA:399,2
DA:401,3
DA:402,0
DA:403,0
DA:404,0
DA:407,1
DA:409,3
DA:410,0
DA:411,0
DA:414,1
DA:416,3
DA:417,0
DA:418,0
DA:420,1
DA:422,2
DA:423,1
DA:424,2
DA:425,2
DA:428,1
DA:429,2
DA:430,2
DA:431,2
DA:432,2
DA:433,1
DA:434,1
DA:435,1
DA:436,1
DA:437,3
DA:438,2
DA:440,2
DA:441,3
DA:442,3
DA:443,1
DA:444,1
DA:451,1
DA:453,2
DA:455,2
DA:458,1
DA:459,6
DA:460,1
DA:461,1
DA:462,1
DA:465,2
DA:466,0
DA:467,0
LF:113
LH:71
end_of_record
SF:lib/visa_material_widgets/visa_mat_radio_list_tile.dart
DA:112,1
DA:136,1
DA:137,1
DA:261,0
DA:290,1
DA:292,1
DA:293,1
DA:294,1
DA:295,1
DA:296,1
DA:297,1
DA:298,1
DA:299,1
DA:301,1
DA:304,1
DA:305,1
DA:306,1
DA:308,1
DA:310,0
DA:311,0
DA:315,1
DA:316,1
DA:320,1
DA:321,1
DA:322,4
DA:323,1
DA:325,1
DA:326,1
DA:328,1
DA:329,1
DA:330,1
DA:331,1
DA:332,1
DA:333,1
DA:334,1
DA:335,0
DA:336,0
DA:337,0
DA:340,0
DA:341,0
DA:345,1
DA:346,1
DA:347,1
DA:348,1
DA:349,1
DA:350,1
LF:46
LH:38
end_of_record
SF:lib/visa_material_widgets/visa_mat_snackbar.dart
DA:13,1
DA:14,1
DA:16,0
DA:18,0
DA:20,0
DA:38,2
DA:59,1
DA:61,1
DA:65,1
DA:66,0
DA:251,0
DA:253,0
DA:264,1
DA:266,1
DA:267,1
DA:268,1
DA:269,1
DA:270,1
DA:271,1
DA:272,1
DA:273,1
DA:274,1
DA:275,1
DA:276,1
DA:277,1
DA:278,1
DA:280,1
DA:281,1
DA:282,1
DA:283,1
DA:284,1
DA:285,1
DA:286,1
DA:290,1
DA:291,1
DA:297,1
DA:299,1
DA:300,4
DA:303,0
DA:305,0
DA:306,0
DA:307,0
DA:308,0
DA:312,1
DA:314,4
DA:315,1
DA:318,1
DA:320,1
DA:321,1
DA:322,1
DA:324,1
DA:325,2
DA:326,0
DA:328,1
DA:332,1
DA:334,1
DA:335,1
DA:336,2
DA:337,1
DA:338,1
DA:339,1
DA:340,2
DA:342,1
DA:349,0
DA:350,1
DA:351,3
DA:352,1
DA:353,1
DA:354,1
DA:356,1
DA:358,1
DA:359,1
DA:360,1
DA:361,1
DA:362,1
DA:363,1
DA:368,1
DA:369,3
DA:371,2
DA:372,2
DA:375,1
DA:376,0
DA:378,0
DA:379,0
DA:380,0
DA:381,0
DA:382,0
DA:384,0
DA:388,0
DA:389,0
DA:392,1
DA:395,1
DA:397,2
DA:398,1
DA:400,2
DA:403,2
DA:404,1
DA:408,3
DA:410,3
DA:411,1
DA:412,2
DA:417,1
DA:419,1
DA:420,1
DA:421,1
DA:422,1
DA:423,2
DA:427,1
DA:429,2
DA:433,2
DA:434,0
DA:435,0
DA:436,0
DA:437,0
DA:438,0
DA:441,0
DA:444,0
DA:452,0
DA:458,3
DA:459,2
DA:460,0
DA:461,0
DA:462,2
DA:463,1
DA:470,1
DA:474,1
DA:475,1
DA:476,1
DA:477,1
DA:478,1
DA:479,1
DA:480,3
DA:483,1
DA:485,1
DA:487,1
DA:500,2
DA:501,0
DA:503,0
DA:508,1
DA:509,2
DA:519,1
DA:526,1
DA:530,0
DA:531,0
DA:532,0
DA:534,1
DA:536,2
DA:538,0
DA:539,0
DA:540,0
DA:547,1
DA:550,1
DA:555,0
DA:557,0
DA:558,0
DA:560,0
DA:568,1
DA:569,3
DA:570,1
DA:571,2
LF:160
LH:116
end_of_record
SF:lib/visa_material_widgets/visa_mat_tabs.dart
DA:58,1
DA:65,1
DA:66,1
DA:67,1
DA:97,1
DA:98,1
DA:99,0
DA:101,0
DA:104,1
DA:106,1
DA:110,1
DA:112,1
DA:113,0
DA:115,0
DA:118,0
DA:121,0
DA:122,0
DA:123,0
DA:124,0
DA:126,0
DA:131,1
DA:132,1
DA:133,1
DA:140,0
DA:142,0
DA:143,0
DA:145,0
DA:148,0
DA:150,0
DA:151,0
DA:152,0
DA:162,1
DA:171,1
DA:180,1
DA:182,1
DA:183,1
DA:184,1
DA:188,1
DA:189,1
DA:190,2
DA:191,1
DA:192,1
DA:193,1
DA:194,1
DA:195,2
DA:196,1
DA:197,1
DA:198,2
DA:199,1
DA:200,1
DA:202,1
DA:203,0
DA:204,0
DA:205,1
DA:206,0
DA:207,0
DA:208,1
DA:209,2
DA:210,2
DA:212,1
DA:213,1
DA:214,1
DA:215,1
DA:219,1
DA:229,1
DA:238,1
DA:239,1
DA:240,1
DA:252,1
DA:254,1
DA:259,1
DA:260,1
DA:263,1
DA:264,3
DA:265,3
DA:266,1
DA:268,1
DA:269,1
DA:270,1
DA:271,0
DA:273,1
DA:274,3
DA:277,5
DA:285,1
DA:289,1
DA:301,1
DA:303,1
DA:304,1
DA:305,1
DA:306,1
DA:307,1
DA:308,1
DA:309,1
DA:310,1
DA:314,0
DA:317,0
DA:318,0
DA:322,0
DA:323,0
DA:324,0
DA:325,0
DA:329,0
DA:330,0
DA:334,0
DA:335,0
DA:339,1
DA:346,1
DA:347,1
DA:348,2
DA:350,0
DA:369,0
DA:370,0
DA:373,1
DA:374,2
DA:377,1
DA:379,1
DA:380,1
DA:385,4
DA:387,0
DA:388,0
DA:389,0
DA:390,0
DA:391,0
DA:392,0
DA:393,0
DA:397,1
DA:398,1
DA:399,1
DA:400,2
DA:401,2
DA:402,3
DA:404,1
DA:405,1
DA:406,0
DA:407,0
DA:409,1
DA:410,2
DA:411,3
DA:415,2
DA:416,0
DA:417,0
DA:418,0
DA:419,0
DA:422,3
DA:424,3
DA:426,3
DA:427,0
DA:429,0
DA:432,1
DA:435,1
DA:437,1
DA:438,4
DA:440,3
DA:441,3
DA:442,1
DA:444,3
DA:445,3
DA:446,1
DA:447,1
DA:448,4
DA:449,1
DA:451,1
DA:452,2
DA:453,1
DA:455,4
DA:458,0
DA:460,0
DA:461,0
DA:462,0
DA:463,0
DA:464,0
DA:465,0
DA:471,0
DA:475,0
DA:476,0
DA:478,0
DA:480,0
DA:483,0
DA:485,0
DA:488,0
DA:489,0
DA:494,1
DA:499,1
DA:500,2
DA:502,1
DA:504,3
DA:507,1
DA:509,3
DA:512,1
DA:514,3
DA:515,4
DA:517,4
DA:518,5
DA:527,0
DA:532,0
DA:543,0
DA:546,0
DA:554,0
DA:555,0
DA:556,0
DA:557,0
DA:560,0
DA:568,0
DA:572,0
DA:575,0
DA:579,0
DA:634,1
DA:659,1
DA:660,1
DA:661,1
DA:662,1
DA:663,1
DA:664,1
DA:665,1
DA:863,0
DA:866,0
DA:867,0
DA:868,0
DA:869,0
DA:872,0
DA:880,1
DA:881,2
DA:882,1
DA:883,3
DA:891,1
DA:892,1
DA:903,1
DA:905,1
DA:908,7
DA:911,1
DA:912,2
DA:913,2
DA:914,1
DA:916,2
DA:928,2
DA:929,6
DA:931,1
DA:932,1
DA:933,2
DA:942,3
DA:944,1
DA:946,4
DA:947,2
DA:949,0
DA:950,0
DA:951,0
DA:953,0
DA:958,1
DA:960,2
DA:962,1
DA:963,0
DA:964,0
DA:966,1
DA:967,1
DA:968,4
DA:969,3
DA:970,3
DA:974,1
DA:975,2
DA:977,1
DA:978,1
DA:979,1
DA:980,2
DA:981,2
DA:982,1
DA:983,1
DA:987,1
DA:989,1
DA:990,2
DA:991,1
DA:992,1
DA:995,0
DA:997,0
DA:998,0
DA:999,0
DA:1000,0
DA:1001,0
DA:1002,0
DA:1003,0
DA:1004,0
DA:1005,0
DA:1008,0
DA:1009,0
DA:1010,0
DA:1011,0
DA:1012,0
DA:1016,1
DA:1018,2
DA:1019,1
DA:1020,4
DA:1021,3
DA:1023,1
DA:1025,1
DA:1028,0
DA:1030,0
DA:1032,0
DA:1033,0
DA:1034,0
DA:1035,0
DA:1036,0
DA:1038,0
DA:1041,0
DA:1044,0
DA:1045,0
DA:1046,0
DA:1047,0
DA:1050,0
DA:1052,0
DA:1053,0
DA:1056,0
DA:1057,0
DA:1058,0
DA:1059,0
DA:1062,0
DA:1063,0
DA:1064,0
DA:1066,0
DA:1067,0
DA:1068,0
DA:1071,0
DA:1072,0
DA:1074,0
DA:1076,0
DA:1078,0
DA:1080,0
DA:1083,0
DA:1087,0
DA:1090,0
DA:1093,0
DA:1094,0
DA:1095,0
DA:1097,0
DA:1098,0
DA:1102,0
DA:1103,0
DA:1104,0
DA:1105,0
DA:1107,0
DA:1114,1
DA:1116,1
DA:1117,2
DA:1120,0
DA:1121,0
DA:1122,0
DA:1123,0
DA:1126,1
DA:1128,1
DA:1131,2
DA:1132,2
DA:1133,2
DA:1134,2
DA:1139,1
DA:1141,1
DA:1142,2
DA:1143,6
DA:1144,0
DA:1145,0
DA:1146,0
DA:1150,1
DA:1152,1
DA:1153,3
DA:1154,0
DA:1155,0
DA:1159,1
DA:1162,5
DA:1167,4
DA:1169,3
DA:1170,2
DA:1171,0
DA:1172,0
DA:1173,0
DA:1174,0
DA:1175,0
DA:1176,0
DA:1184,1
DA:1186,1
DA:1188,2
DA:1189,1
DA:1191,1
DA:1192,2
DA:1193,3
DA:1202,1
DA:1203,2
DA:1205,2
DA:1207,0
DA:1208,0
DA:1209,0
DA:1210,0
DA:1211,0
DA:1212,0
DA:1215,1
DA:1217,2
DA:1218,2
DA:1219,1
DA:1220,2
DA:1221,0
DA:1223,0
DA:1224,0
DA:1225,0
DA:1227,6
DA:1228,2
DA:1230,3
DA:1231,2
DA:1232,1
DA:1240,3
DA:1241,2
DA:1242,2
DA:1243,1
DA:1244,1
DA:1246,2
DA:1247,0
DA:1248,0
DA:1250,2
DA:1251,2
DA:1252,1
DA:1253,1
DA:1254,1
DA:1255,2
DA:1256,2
DA:1257,2
DA:1259,3
DA:1260,1
DA:1261,1
DA:1262,1
DA:1263,1
DA:1264,2
DA:1265,1
DA:1266,1
DA:1272,2
DA:1273,3
DA:1277,1
DA:1278,1
DA:1279,1
DA:1282,2
DA:1283,2
DA:1284,2
DA:1285,2
DA:1286,1
DA:1287,1
DA:1293,2
DA:1294,0
DA:1295,0
DA:1296,0
DA:1298,0
DA:1299,0
DA:1300,0
DA:1303,2
DA:1304,0
DA:1305,0
DA:1332,0
DA:1338,0
DA:1339,0
DA:1340,0
DA:1368,0
DA:1369,0
DA:1383,0
DA:1385,0
DA:1387,0
DA:1388,0
DA:1390,0
DA:1391,0
DA:1392,0
DA:1394,0
DA:1399,0
DA:1401,0
DA:1403,0
DA:1404,0
DA:1406,0
DA:1407,0
DA:1408,0
DA:1412,0
DA:1414,0
DA:1415,0
DA:1418,0
DA:1420,0
DA:1421,0
DA:1422,0
DA:1423,0
DA:1426,0
DA:1428,0
DA:1429,0
DA:1430,0
DA:1431,0
DA:1432,0
DA:1434,0
DA:1435,0
DA:1439,0
DA:1441,0
DA:1442,0
DA:1444,0
DA:1446,0
DA:1449,0
DA:1450,0
DA:1451,0
DA:1454,0
DA:1455,0
DA:1459,0
DA:1460,0
DA:1461,0
DA:1465,0
DA:1466,0
DA:1468,0
DA:1469,0
DA:1472,0
DA:1474,0
DA:1475,0
DA:1476,0
DA:1479,0
DA:1481,0
DA:1482,0
DA:1483,0
DA:1485,0
DA:1486,0
DA:1489,0
DA:1490,0
DA:1491,0
DA:1492,0
DA:1493,0
DA:1494,0
DA:1495,0
DA:1497,0
DA:1498,0
DA:1499,0
DA:1500,0
DA:1502,0
DA:1504,0
DA:1506,0
DA:1507,0
DA:1508,0
DA:1509,0
DA:1510,0
DA:1512,0
DA:1518,0
DA:1519,0
DA:1521,0
DA:1523,0
DA:1524,0
DA:1525,0
DA:1526,0
DA:1527,0
DA:1528,0
DA:1530,0
DA:1531,0
DA:1532,0
DA:1533,0
DA:1534,0
DA:1535,0
DA:1536,0
DA:1537,0
DA:1540,0
DA:1545,0
DA:1547,0
DA:1548,0
DA:1549,0
DA:1550,0
DA:1551,0
DA:1555,0
DA:1556,0
DA:1557,0
DA:1558,0
DA:1559,0
DA:1560,0
DA:1561,0
DA:1562,0
DA:1563,0
DA:1564,0
DA:1577,0
DA:1582,0
DA:1583,0
DA:1584,0
DA:1585,0
DA:1596,0
DA:1598,0
DA:1599,0
DA:1600,0
DA:1602,0
DA:1603,0
DA:1604,0
DA:1620,0
DA:1626,0
DA:1627,0
DA:1650,0
DA:1657,0
DA:1659,0
DA:1660,0
DA:1661,0
DA:1662,0
DA:1663,0
DA:1665,0
DA:1670,0
DA:1671,0
DA:1672,0
DA:1673,0
DA:1674,0
DA:1675,0
DA:1676,0
DA:1678,0
DA:1681,0
DA:1683,0
DA:1684,0
DA:1688,0
DA:1690,0
DA:1692,0
DA:1694,0
DA:1696,0
DA:1698,0
DA:1700,0
DA:1701,0
DA:1703,0
DA:1704,0
DA:1705,0
DA:1707,0
DA:1712,0
DA:1713,0
DA:1714,0
DA:1717,0
DA:1719,0
DA:1720,0
DA:1721,0
DA:1722,0
DA:1723,0
DA:1724,0
DA:1727,0
DA:1728,0
DA:1730,0
LF:625
LH:261
end_of_record
SF:lib/widgets/visa_accordion/visa_accordion.dart
DA:10,2
DA:69,1
DA:104,1
DA:105,1
DA:106,1
DA:107,1
DA:108,1
DA:109,1
DA:110,1
DA:111,1
DA:112,1
DA:113,1
DA:114,1
DA:115,1
DA:116,2
DA:117,1
DA:118,1
DA:119,1
DA:120,1
DA:121,1
DA:122,1
DA:123,1
DA:124,1
DA:125,1
DA:126,1
DA:127,1
DA:128,1
DA:129,1
DA:130,1
DA:131,1
DA:132,1
DA:133,1
DA:134,1
DA:137,1
DA:139,1
DA:143,1
DA:144,3
DA:145,3
DA:146,3
DA:147,3
DA:148,3
DA:149,3
DA:150,3
DA:151,3
DA:152,3
DA:153,3
DA:154,3
DA:155,3
DA:156,3
DA:157,3
DA:158,3
DA:159,3
DA:160,3
DA:161,3
DA:162,3
DA:163,3
DA:164,3
DA:165,3
DA:166,1
DA:167,1
DA:168,1
DA:169,1
DA:170,3
DA:171,3
DA:172,3
DA:178,2
DA:190,1
DA:204,1
DA:205,1
DA:212,1
DA:215,5
DA:216,5
DA:218,4
DA:220,3
DA:221,3
DA:222,3
DA:223,3
DA:224,3
DA:225,3
DA:226,3
DA:227,3
DA:228,3
DA:229,3
DA:230,3
DA:231,3
DA:232,3
DA:233,3
DA:234,4
DA:235,4
DA:236,4
DA:237,4
DA:238,4
DA:239,4
DA:240,4
DA:242,1
DA:243,4
DA:246,2
DA:247,4
DA:249,2
DA:252,3
DA:255,1
DA:256,4
DA:259,1
DA:260,0
DA:262,1
DA:263,3
DA:265,2
DA:266,3
DA:268,3
DA:271,1
DA:272,2
DA:273,2
DA:274,3
DA:276,3
DA:278,2
DA:279,1
DA:280,3
DA:282,3
DA:285,1
DA:286,0
DA:289,1
DA:290,3
DA:293,0
DA:296,1
DA:298,1
DA:299,1
DA:301,0
DA:302,0
DA:304,1
DA:305,1
DA:307,0
DA:308,0
DA:312,1
DA:313,1
DA:314,1
DA:315,1
DA:316,1
DA:319,1
DA:320,1
DA:321,1
DA:323,5
DA:324,1
DA:325,2
DA:326,3
DA:327,1
DA:328,1
DA:332,1
DA:336,1
DA:337,2
DA:339,1
DA:340,3
DA:341,1
DA:342,1
DA:346,1
DA:351,1
DA:353,2
DA:354,2
DA:355,0
DA:356,0
DA:357,0
DA:362,1
DA:363,3
DA:367,1
DA:369,3
DA:370,1
DA:371,2
DA:372,1
DA:375,2
DA:376,1
DA:377,2
DA:378,2
DA:380,1
DA:381,1
DA:386,1
DA:390,1
DA:391,1
DA:394,1
DA:395,1
DA:401,1
DA:402,3
DA:403,1
DA:405,1
DA:409,1
DA:410,1
DA:414,1
DA:416,1
DA:417,2
DA:418,1
DA:420,1
DA:421,2
DA:428,1
DA:429,1
DA:430,2
DA:431,3
DA:434,2
DA:447,1
DA:448,3
DA:449,1
DA:451,1
DA:452,1
DA:454,3
DA:456,1
DA:457,2
DA:465,1
DA:466,1
DA:467,2
DA:470,2
DA:472,1
DA:473,5
DA:474,2
LF:210
LH:200
end_of_record
SF:lib/widgets/visa_app_bar/visa_app_bar.dart
DA:10,4
DA:24,1
DA:34,1
DA:35,1
DA:36,1
DA:37,1
DA:38,1
DA:39,1
DA:40,1
DA:41,1
DA:44,1
DA:46,1
DA:50,1
DA:51,3
DA:52,3
DA:53,3
DA:54,3
DA:55,3
DA:56,3
DA:57,1
DA:63,7
DA:75,5
DA:88,6
DA:91,8
DA:92,18
DA:93,4
DA:94,5
DA:96,3
DA:97,1
DA:98,1
DA:100,14
DA:101,15
DA:102,9
DA:104,19
DA:106,21
DA:108,19
DA:110,21
DA:112,6
DA:113,6
DA:114,6
DA:119,6
DA:120,6
DA:121,6
DA:122,6
DA:123,3
DA:126,3
DA:129,3
DA:130,1
DA:131,1
DA:134,3
DA:136,3
DA:145,6
DA:146,6
LF:53
LH:53
end_of_record
SF:lib/widgets/visa_avatar/visa_avatar.dart
DA:8,2
DA:26,1
DA:37,1
DA:38,1
DA:39,1
DA:40,1
DA:41,1
DA:42,1
DA:44,1
DA:46,1
DA:47,1
DA:50,1
DA:52,1
DA:56,1
DA:57,3
DA:58,3
DA:59,3
DA:60,3
DA:62,3
DA:63,1
DA:64,1
DA:65,1
DA:71,1
DA:84,1
DA:95,1
DA:98,3
DA:99,3
DA:100,1
DA:101,1
DA:103,3
DA:104,1
DA:105,1
DA:107,3
DA:108,3
DA:109,3
DA:110,4
DA:112,4
DA:114,1
DA:115,1
DA:116,1
DA:117,1
DA:118,1
DA:119,1
DA:120,1
DA:123,1
DA:126,1
DA:130,1
DA:131,1
DA:132,1
DA:133,1
DA:134,1
DA:135,1
DA:144,1
DA:156,1
DA:166,3
DA:168,1
DA:171,3
DA:172,1
DA:174,1
DA:177,2
DA:181,1
DA:182,1
DA:183,1
DA:184,1
DA:185,1
DA:186,1
DA:187,1
DA:188,1
DA:189,1
DA:190,1
DA:192,1
DA:194,1
DA:197,1
DA:198,1
DA:199,1
DA:200,1
DA:203,1
LF:77
LH:77
end_of_record
SF:lib/widgets/visa_badge/visa_badge.dart
DA:9,2
DA:35,1
DA:49,1
DA:50,1
DA:51,1
DA:52,1
DA:53,1
DA:54,1
DA:55,1
DA:56,1
DA:57,1
DA:58,1
DA:59,1
DA:60,1
DA:63,1
DA:65,1
DA:69,1
DA:70,3
DA:71,3
DA:72,3
DA:73,3
DA:74,3
DA:76,3
DA:77,3
DA:78,3
DA:79,3
DA:80,3
DA:81,3
DA:89,1
DA:103,1
DA:114,1
DA:116,1
DA:118,3
DA:119,3
DA:120,3
DA:122,4
DA:123,3
DA:125,3
DA:126,3
DA:127,3
DA:128,3
DA:130,3
DA:131,3
DA:133,1
DA:134,1
DA:135,1
DA:136,2
DA:142,2
DA:145,1
DA:146,1
DA:150,1
DA:151,1
DA:152,2
DA:158,2
DA:161,1
DA:162,1
DA:166,1
DA:167,1
DA:169,1
DA:170,1
DA:171,2
DA:177,2
DA:180,1
DA:181,1
DA:184,1
DA:185,1
DA:186,2
DA:192,2
DA:195,1
DA:196,1
DA:199,1
DA:200,1
DA:201,2
DA:207,2
DA:210,1
DA:211,1
DA:217,2
DA:218,1
DA:220,1
DA:221,1
DA:222,1
DA:223,1
DA:225,1
DA:226,1
DA:227,1
DA:228,1
DA:229,1
DA:230,1
DA:231,1
DA:232,1
DA:238,1
DA:254,1
DA:256,1
DA:257,1
DA:258,1
DA:259,1
DA:260,1
DA:266,1
DA:267,1
DA:268,1
DA:269,1
DA:275,1
DA:276,1
DA:277,3
DA:280,1
DA:282,2
DA:283,1
DA:290,1
DA:291,1
DA:292,1
DA:293,1
DA:299,1
DA:314,1
DA:316,1
DA:317,1
DA:318,1
DA:319,1
DA:320,1
DA:321,4
DA:326,1
LF:120
LH:120
end_of_record
SF:lib/widgets/visa_banner/visa_banner.dart
DA:9,2
DA:47,1
DA:68,1
DA:69,1
DA:70,1
DA:71,1
DA:72,1
DA:73,1
DA:74,1
DA:75,1
DA:76,1
DA:77,1
DA:78,1
DA:79,1
DA:80,1
DA:81,1
DA:82,1
DA:84,1
DA:85,1
DA:86,1
DA:87,1
DA:89,1
DA:91,1
DA:95,1
DA:96,3
DA:97,3
DA:98,3
DA:99,3
DA:100,3
DA:101,3
DA:102,3
DA:103,3
DA:104,3
DA:105,3
DA:106,3
DA:107,3
DA:108,3
DA:109,1
DA:110,1
DA:111,1
DA:112,1
DA:113,1
DA:121,1
DA:141,1
DA:152,1
DA:155,3
DA:156,1
DA:158,1
DA:161,1
DA:162,3
DA:163,3
DA:164,3
DA:165,3
DA:167,3
DA:169,3
DA:170,3
DA:171,3
DA:172,3
DA:174,3
DA:176,3
DA:178,3
DA:180,4
DA:182,4
DA:183,2
DA:184,2
DA:185,2
DA:186,2
DA:187,2
DA:188,2
DA:189,4
DA:190,1
DA:191,1
DA:192,1
DA:193,2
DA:199,1
DA:201,1
DA:202,1
DA:203,2
DA:209,1
DA:211,1
DA:212,1
DA:213,2
DA:219,1
DA:221,1
DA:222,1
DA:223,2
DA:229,1
DA:233,1
DA:237,1
DA:238,1
DA:239,5
DA:241,1
DA:242,1
DA:243,1
DA:246,1
DA:247,1
DA:248,1
DA:249,1
DA:256,1
DA:258,3
DA:259,1
DA:261,1
DA:262,1
DA:263,1
DA:265,1
DA:268,1
DA:269,1
DA:270,1
DA:272,1
DA:275,1
DA:277,1
DA:278,1
DA:279,3
DA:280,4
DA:281,2
DA:284,1
DA:285,1
DA:286,1
DA:287,3
DA:288,1
DA:290,1
DA:291,1
DA:296,1
DA:298,1
DA:299,2
DA:303,1
DA:304,1
DA:309,1
DA:310,1
DA:315,1
DA:316,1
DA:320,1
DA:321,1
DA:322,1
DA:323,3
DA:324,1
DA:333,1
DA:334,1
DA:335,1
DA:336,3
DA:338,1
DA:339,1
DA:340,1
DA:343,1
DA:344,1
DA:345,1
DA:349,1
DA:352,2
DA:366,1
DA:367,1
DA:370,1
DA:373,1
DA:376,1
LF:153
LH:153
end_of_record
SF:lib/widgets/visa_bottom_nav_bar/visa_bottom_nav_bar.dart
DA:9,2
DA:36,1
DA:50,1
DA:51,1
DA:52,1
DA:53,1
DA:54,1
DA:55,1
DA:56,1
DA:57,1
DA:58,1
DA:59,1
DA:60,1
DA:61,1
DA:63,1
DA:65,1
DA:69,1
DA:70,3
DA:72,3
DA:74,3
DA:76,3
DA:78,3
DA:79,3
DA:80,3
DA:81,3
DA:83,3
DA:84,3
DA:86,3
DA:102,1
DA:113,1
DA:116,3
DA:117,3
DA:118,1
DA:119,1
DA:121,3
DA:122,1
DA:123,1
DA:125,3
DA:126,3
DA:128,1
DA:130,1
DA:132,1
DA:133,2
DA:134,1
DA:135,1
DA:137,1
DA:138,5
DA:139,1
DA:140,1
DA:141,2
DA:142,4
DA:143,1
DA:144,3
DA:145,3
DA:146,1
DA:147,1
DA:148,1
DA:150,1
DA:151,1
DA:168,1
DA:184,1
DA:196,1
DA:198,1
DA:199,3
DA:201,3
DA:202,3
DA:204,3
DA:205,2
DA:206,2
DA:207,2
DA:208,2
DA:209,2
DA:210,2
DA:211,2
DA:213,1
DA:214,1
DA:216,1
DA:218,1
DA:220,1
DA:221,1
DA:222,1
DA:223,1
DA:224,1
DA:225,3
DA:228,1
DA:232,1
DA:233,1
DA:237,1
DA:238,1
DA:239,3
DA:242,3
DA:245,3
DA:252,1
DA:253,1
DA:256,4
DA:257,3
DA:260,3
LF:97
LH:97
end_of_record
SF:lib/widgets/visa_button/visa_button.dart
DA:8,34
DA:37,2
DA:55,2
DA:57,2
DA:59,1
DA:61,2
DA:63,2
DA:64,2
DA:65,2
DA:66,2
DA:67,2
DA:68,2
DA:69,2
DA:70,2
DA:71,2
DA:72,2
DA:73,1
DA:76,1
DA:78,1
DA:82,1
DA:84,3
DA:86,3
DA:88,3
DA:90,3
DA:92,3
DA:94,3
DA:95,3
DA:96,3
DA:97,1
DA:99,3
DA:101,3
DA:102,1
DA:103,1
DA:104,1
DA:110,7
DA:116,7
DA:123,7
DA:126,9
DA:127,21
DA:128,2
DA:129,7
DA:131,3
DA:132,1
DA:133,1
DA:137,17
DA:139,16
DA:141,17
DA:143,17
DA:145,17
DA:146,12
DA:147,19
DA:149,26
DA:151,26
DA:152,12
DA:153,14
DA:154,12
DA:155,14
DA:156,12
DA:157,10
DA:158,12
DA:159,10
DA:160,7
DA:164,14
DA:166,12
DA:168,7
DA:169,7
DA:170,7
DA:171,7
DA:172,7
DA:173,7
DA:174,7
DA:179,7
DA:180,7
DA:181,7
DA:186,7
DA:187,4
DA:188,4
DA:191,1
DA:197,7
DA:199,7
DA:201,7
DA:203,7
DA:204,7
DA:205,7
DA:206,1
DA:207,1
DA:211,6
DA:212,6
DA:218,7
DA:224,1
DA:230,1
DA:237,1
DA:240,3
DA:241,1
DA:243,1
DA:247,3
DA:249,3
DA:251,3
DA:253,3
DA:255,3
DA:257,3
DA:258,3
DA:260,4
DA:262,4
DA:263,2
DA:264,2
DA:265,2
DA:266,2
DA:268,4
DA:270,1
DA:271,1
DA:272,1
DA:273,1
DA:274,1
DA:279,1
DA:280,1
DA:281,1
DA:286,1
DA:287,1
DA:288,1
DA:291,1
DA:297,1
DA:299,1
DA:301,1
DA:303,1
DA:304,1
DA:305,1
DA:306,1
DA:310,1
DA:315,1
DA:317,1
DA:318,2
LF:132
LH:132
end_of_record
SF:lib/widgets/visa_checkbox/models/nested_indeterminate_item.dart
DA:6,1
DA:10,1
DA:11,3
DA:12,1
DA:16,1
DA:20,4
DA:23,0
DA:24,0
LF:8
LH:6
end_of_record
SF:lib/widgets/visa_checkbox/visa_checkbox.dart
DA:10,2
DA:40,1
DA:55,1
DA:56,1
DA:57,1
DA:58,1
DA:59,1
DA:60,1
DA:61,1
DA:62,1
DA:63,1
DA:64,1
DA:65,1
DA:66,1
DA:67,1
DA:68,1
DA:71,1
DA:73,1
DA:77,1
DA:78,3
DA:80,3
DA:82,3
DA:83,3
DA:85,3
DA:87,3
DA:88,3
DA:89,3
DA:90,3
DA:91,3
DA:93,3
DA:94,3
DA:95,1
DA:102,1
DA:119,1
DA:134,1
DA:135,1
DA:139,1
DA:142,5
DA:143,3
DA:144,1
DA:145,1
DA:147,3
DA:148,1
DA:149,1
DA:151,4
DA:153,4
DA:154,3
DA:156,4
DA:158,4
DA:160,4
DA:162,3
DA:164,1
DA:166,1
DA:167,1
DA:168,1
DA:171,1
DA:179,2
DA:181,2
DA:182,2
DA:183,2
DA:184,2
DA:185,2
DA:187,2
DA:188,2
DA:190,1
DA:191,2
DA:192,0
DA:193,2
DA:194,2
DA:198,2
DA:199,1
DA:201,2
DA:202,1
DA:203,2
DA:204,2
DA:205,2
DA:211,1
DA:252,1
DA:253,1
DA:261,1
DA:263,1
DA:264,4
DA:265,2
DA:266,4
DA:267,4
DA:271,1
DA:273,1
DA:274,5
DA:275,1
DA:276,3
DA:277,1
DA:278,3
DA:279,2
DA:280,2
DA:281,2
DA:282,2
DA:283,0
DA:285,2
DA:291,2
DA:292,2
DA:293,2
DA:294,2
DA:295,2
DA:296,0
DA:298,2
DA:304,1
DA:305,3
DA:306,2
DA:307,2
DA:308,2
DA:309,2
DA:310,2
DA:312,2
DA:317,2
DA:318,2
DA:319,2
DA:320,0
DA:321,0
DA:323,0
DA:331,4
DA:332,1
DA:333,0
DA:334,0
DA:336,0
DA:337,1
DA:338,3
DA:339,3
DA:344,2
DA:348,1
DA:352,1
DA:353,3
DA:354,1
DA:355,3
DA:358,2
DA:359,1
DA:360,2
DA:361,2
DA:362,2
DA:365,2
DA:366,2
DA:367,2
DA:371,2
DA:372,2
DA:376,2
DA:379,1
DA:383,1
DA:384,4
DA:387,0
DA:388,0
DA:389,0
DA:390,0
DA:393,1
DA:394,1
DA:395,1
DA:396,1
DA:397,1
DA:401,1
DA:402,7
DA:403,1
DA:408,1
DA:409,1
DA:410,6
DA:411,1
DA:412,7
DA:413,1
DA:419,1
DA:420,1
DA:424,2
DA:425,1
DA:426,1
DA:427,1
DA:430,1
DA:431,2
DA:432,1
DA:433,1
DA:434,1
DA:435,1
DA:436,1
DA:437,1
DA:439,2
DA:441,1
DA:442,1
DA:444,2
DA:448,1
DA:452,1
DA:454,3
DA:466,1
DA:483,1
DA:485,1
DA:488,3
DA:491,2
DA:495,1
DA:497,1
DA:498,3
DA:499,3
DA:501,3
DA:502,3
DA:503,1
DA:505,1
DA:506,1
DA:507,1
DA:508,1
DA:511,1
DA:519,1
DA:521,1
DA:522,3
DA:524,1
DA:525,1
DA:526,1
DA:529,2
DA:532,1
DA:533,1
DA:542,1
DA:553,1
DA:563,1
DA:565,1
DA:569,1
DA:571,1
DA:572,1
DA:573,4
DA:576,4
DA:577,4
DA:579,4
DA:581,4
DA:582,1
DA:584,1
DA:585,1
DA:587,4
DA:589,1
DA:590,1
DA:592,2
DA:593,1
DA:594,2
DA:595,2
DA:597,1
DA:598,2
DA:599,2
DA:603,1
DA:606,2
DA:608,1
DA:609,1
DA:611,1
DA:612,2
DA:613,3
DA:624,1
DA:625,1
DA:626,2
DA:627,1
DA:628,5
DA:629,1
DA:630,1
DA:637,1
DA:638,1
DA:645,1
DA:646,3
DA:647,3
DA:648,1
DA:649,1
DA:650,3
DA:651,2
DA:652,2
DA:654,1
DA:655,2
DA:657,2
DA:658,2
LF:265
LH:252
end_of_record
SF:lib/widgets/visa_chips/visa_chips.dart
DA:7,2
DA:51,1
DA:75,1
DA:76,1
DA:77,1
DA:78,1
DA:79,1
DA:80,1
DA:81,1
DA:82,1
DA:83,1
DA:84,1
DA:85,1
DA:86,1
DA:87,1
DA:88,1
DA:89,1
DA:90,1
DA:91,1
DA:92,1
DA:93,1
DA:94,1
DA:95,1
DA:96,1
DA:99,0
DA:101,0
DA:105,0
DA:106,0
DA:107,0
DA:108,0
DA:109,0
DA:110,0
DA:111,0
DA:112,0
DA:113,0
DA:114,0
DA:115,0
DA:116,0
DA:117,0
DA:118,0
DA:119,0
DA:120,0
DA:121,0
DA:122,0
DA:123,0
DA:124,0
DA:125,0
DA:126,0
DA:132,1
DA:141,1
DA:151,1
DA:152,1
DA:158,1
DA:161,5
DA:162,5
DA:164,4
DA:166,4
DA:168,4
DA:169,4
DA:170,4
DA:171,3
DA:172,3
DA:173,3
DA:174,3
DA:175,3
DA:176,3
DA:177,3
DA:178,3
DA:179,3
DA:180,3
DA:181,3
DA:182,3
DA:183,3
DA:184,3
DA:185,3
DA:186,3
DA:187,3
DA:189,1
DA:190,2
DA:193,2
DA:194,1
DA:196,2
DA:202,1
DA:203,2
DA:206,2
DA:212,1
DA:213,2
DA:216,1
DA:219,2
DA:222,2
DA:225,1
DA:231,1
DA:232,2
DA:233,1
DA:235,2
DA:236,1
DA:238,2
DA:244,1
DA:245,4
DA:247,0
DA:248,0
DA:249,0
DA:252,4
DA:254,0
DA:255,0
DA:256,0
DA:259,1
DA:263,1
DA:264,1
DA:268,1
DA:269,1
DA:270,1
DA:271,1
DA:272,1
DA:275,1
DA:276,1
DA:277,2
DA:281,1
DA:286,1
DA:291,1
DA:293,1
DA:294,1
DA:295,1
DA:296,2
DA:301,1
DA:302,2
DA:303,1
DA:305,1
DA:307,1
DA:316,2
DA:317,2
DA:318,2
DA:319,2
DA:326,2
DA:363,1
DA:384,1
DA:385,1
DA:386,1
DA:387,1
DA:388,1
DA:389,1
DA:390,1
DA:391,1
DA:392,1
DA:393,1
DA:394,1
DA:395,1
DA:396,1
DA:397,1
DA:398,1
DA:399,1
DA:400,1
DA:401,1
DA:402,1
DA:405,1
DA:407,1
DA:411,1
DA:412,3
DA:413,3
DA:414,3
DA:415,3
DA:416,3
DA:417,3
DA:418,3
DA:419,3
DA:420,3
DA:421,3
DA:422,3
DA:423,3
DA:424,3
DA:425,1
DA:426,1
DA:427,1
DA:428,1
DA:429,1
DA:441,1
DA:452,1
DA:464,1
DA:465,1
DA:471,1
DA:474,5
DA:475,1
DA:477,1
DA:479,4
DA:480,4
DA:481,4
DA:482,4
DA:483,4
DA:484,3
DA:485,3
DA:486,3
DA:487,3
DA:488,3
DA:489,3
DA:490,3
DA:491,3
DA:492,3
DA:493,3
DA:494,3
DA:495,3
DA:496,3
DA:498,1
DA:499,2
DA:500,1
DA:505,1
DA:506,1
DA:509,2
DA:512,2
DA:513,1
DA:515,4
DA:518,1
DA:519,1
DA:522,2
DA:525,1
DA:528,1
DA:529,2
DA:532,2
DA:533,3
DA:538,1
DA:539,4
DA:540,1
DA:541,4
DA:543,0
DA:544,0
DA:545,0
DA:548,0
DA:549,0
DA:550,0
DA:553,0
DA:554,0
DA:555,0
DA:558,1
DA:562,1
DA:563,3
DA:564,1
DA:567,1
DA:571,1
DA:572,1
DA:575,1
DA:576,1
DA:581,1
DA:586,1
DA:589,1
DA:590,2
DA:591,1
DA:592,1
DA:593,1
DA:594,1
DA:595,2
DA:597,1
DA:598,2
DA:607,1
DA:609,1
DA:613,1
DA:614,1
DA:615,1
DA:617,1
DA:619,1
DA:623,7
DA:624,1
DA:625,6
DA:626,4
DA:628,2
DA:629,2
LF:264
LH:225
end_of_record
SF:lib/widgets/visa_combobox/visa_combobox.dart
DA:8,2
DA:33,1
DA:47,1
DA:48,1
DA:49,1
DA:51,1
DA:52,1
DA:53,1
DA:54,1
DA:55,1
DA:56,1
DA:57,1
DA:58,1
DA:59,1
DA:62,1
DA:64,1
DA:68,1
DA:69,1
DA:70,1
DA:71,1
DA:74,1
DA:75,1
DA:76,1
DA:79,1
DA:80,1
DA:81,1
DA:84,1
DA:85,1
DA:86,1
DA:89,1
DA:90,1
DA:91,1
DA:94,1
DA:95,1
DA:96,1
DA:99,1
DA:100,1
DA:101,1
DA:104,1
DA:105,1
DA:106,1
DA:107,1
DA:113,1
DA:125,1
DA:138,1
DA:139,1
DA:145,1
DA:147,3
DA:148,5
DA:149,1
DA:152,1
DA:153,3
DA:154,3
DA:155,2
DA:156,3
DA:159,2
DA:160,3
DA:161,1
DA:162,3
DA:163,4
DA:166,1
DA:172,1
DA:173,3
DA:174,4
DA:177,1
DA:178,3
DA:179,2
DA:180,1
DA:181,2
DA:182,4
DA:183,1
DA:186,0
DA:187,0
DA:189,1
DA:193,1
DA:195,1
DA:199,1
DA:202,3
DA:203,0
DA:210,0
DA:211,0
DA:212,0
DA:213,0
DA:219,1
DA:222,5
DA:223,3
DA:224,1
DA:225,1
DA:227,3
DA:228,1
DA:229,1
DA:233,3
DA:234,3
DA:236,3
DA:237,3
DA:238,3
DA:240,3
DA:242,5
DA:243,3
DA:244,0
DA:245,3
DA:246,0
DA:247,4
DA:248,2
DA:250,1
DA:252,1
DA:253,3
DA:254,2
DA:255,1
DA:259,1
DA:260,1
DA:264,1
DA:270,0
DA:271,0
DA:273,0
DA:278,1
DA:279,2
DA:280,1
DA:285,1
DA:287,1
DA:288,1
DA:289,1
DA:293,1
DA:294,2
DA:295,1
DA:296,1
DA:297,2
DA:298,1
DA:304,1
DA:305,1
DA:308,1
DA:311,2
DA:312,1
DA:313,1
DA:314,0
DA:315,0
DA:316,0
DA:317,0
DA:319,0
DA:321,0
DA:324,1
DA:327,1
DA:328,0
DA:329,0
DA:330,0
DA:331,0
DA:332,0
DA:335,0
DA:336,0
DA:340,1
DA:342,3
DA:343,2
DA:346,1
DA:347,1
DA:349,1
DA:350,1
DA:351,3
DA:352,2
DA:353,1
DA:356,1
DA:357,1
DA:358,1
DA:367,1
DA:368,1
DA:369,2
DA:370,1
LF:166
LH:141
end_of_record
SF:lib/widgets/visa_content_card/visa_content_card.dart
DA:9,2
DA:20,1
DA:28,1
DA:29,1
DA:30,1
DA:31,1
DA:32,1
DA:33,1
DA:36,1
DA:38,1
DA:42,1
DA:43,3
DA:44,3
DA:45,3
DA:46,3
DA:47,3
DA:53,1
DA:69,1
DA:88,1
DA:89,1
DA:96,1
DA:97,2
DA:98,2
DA:100,1
DA:103,1
DA:104,5
DA:107,4
DA:110,1
DA:113,1
DA:116,5
DA:117,4
DA:119,4
DA:121,3
DA:122,3
DA:123,4
DA:124,4
DA:125,1
DA:126,2
DA:127,3
DA:129,1
DA:130,0
DA:132,3
DA:135,1
DA:136,2
DA:137,1
DA:138,3
DA:139,2
DA:142,2
DA:143,1
DA:144,2
DA:145,2
DA:148,2
DA:149,1
DA:150,2
DA:151,2
DA:154,2
DA:155,1
DA:156,2
DA:157,1
DA:158,1
DA:159,1
DA:162,1
DA:163,1
DA:164,1
DA:165,1
DA:169,1
DA:170,2
DA:171,2
DA:172,2
DA:173,1
DA:174,1
DA:175,2
DA:176,2
DA:178,1
DA:180,1
DA:181,1
LF:76
LH:75
end_of_record
SF:lib/widgets/visa_dialog/visa_dialog.dart
DA:8,2
DA:26,1
DA:36,1
DA:37,1
DA:38,1
DA:39,1
DA:40,1
DA:41,1
DA:42,1
DA:43,1
DA:46,1
DA:48,1
DA:52,1
DA:53,3
DA:54,3
DA:55,3
DA:56,3
DA:57,3
DA:58,3
DA:59,3
DA:67,1
DA:80,1
DA:89,1
DA:91,1
DA:92,3
DA:94,3
DA:96,3
DA:97,3
DA:98,3
DA:100,3
DA:102,3
DA:103,1
DA:104,1
DA:107,1
DA:110,1
DA:113,1
DA:119,1
DA:120,1
DA:121,1
DA:122,1
DA:123,1
DA:135,1
DA:136,1
DA:137,1
DA:138,1
DA:150,1
DA:151,1
DA:152,1
DA:153,1
DA:168,1
DA:169,1
DA:170,1
DA:172,1
DA:173,1
DA:174,3
DA:177,1
DA:179,1
DA:180,1
DA:182,1
DA:183,2
DA:184,1
DA:185,1
DA:186,1
DA:187,4
DA:199,1
DA:200,1
DA:201,1
DA:202,4
DA:204,1
DA:207,1
DA:209,1
DA:210,1
DA:211,1
DA:212,1
DA:213,1
DA:214,1
DA:215,2
DA:218,1
DA:219,1
DA:222,1
DA:223,1
DA:224,1
DA:225,1
DA:226,1
DA:231,1
DA:232,1
DA:237,1
DA:238,1
DA:243,1
DA:244,2
DA:246,2
DA:259,2
DA:266,1
DA:271,1
DA:273,1
DA:274,1
DA:275,1
DA:277,1
DA:278,1
DA:280,1
DA:281,1
DA:282,1
DA:283,1
DA:284,4
DA:298,1
DA:300,1
DA:301,1
DA:304,1
DA:305,1
DA:306,1
DA:308,1
DA:309,1
DA:310,1
DA:311,3
DA:318,1
DA:319,1
DA:320,4
DA:329,1
DA:330,1
DA:331,4
DA:346,1
DA:349,1
DA:351,1
DA:352,1
DA:359,1
DA:361,1
DA:363,1
DA:364,1
DA:367,1
DA:368,1
DA:369,1
DA:371,1
DA:373,1
DA:374,1
DA:376,1
DA:377,1
DA:378,1
DA:379,2
DA:380,1
DA:383,4
DA:384,5
DA:387,1
DA:389,1
DA:390,7
DA:392,2
DA:393,1
DA:394,2
DA:395,1
DA:400,1
DA:401,1
DA:406,1
DA:407,1
DA:413,1
DA:414,1
DA:415,1
DA:420,1
DA:421,1
DA:426,1
DA:427,1
DA:436,6
DA:437,1
DA:438,2
DA:441,1
DA:442,1
DA:454,1
DA:455,2
DA:461,1
DA:462,2
LF:168
LH:168
end_of_record
SF:lib/widgets/visa_divider/visa_divider.dart
DA:14,2
DA:25,1
DA:33,1
DA:34,1
DA:35,1
DA:36,1
DA:37,1
DA:38,1
DA:41,1
DA:43,1
DA:47,1
DA:48,3
DA:49,3
DA:50,3
DA:51,3
DA:52,3
DA:58,2
DA:69,1
DA:76,2
DA:79,4
DA:80,9
DA:82,5
DA:84,6
DA:85,6
DA:86,6
DA:87,2
DA:88,2
DA:89,2
DA:90,2
DA:91,2
DA:92,4
DA:94,3
DA:98,2
DA:99,2
DA:100,4
DA:102,6
DA:106,2
DA:108,4
DA:111,2
LF:39
LH:39
end_of_record
SF:lib/widgets/visa_dropdown_menu/visa_dropdown_menu.dart
DA:12,2
DA:56,1
DA:80,1
DA:81,1
DA:82,1
DA:83,1
DA:84,1
DA:85,1
DA:86,1
DA:87,1
DA:88,1
DA:89,1
DA:90,1
DA:91,1
DA:92,1
DA:93,1
DA:94,1
DA:95,1
DA:96,1
DA:97,1
DA:98,1
DA:99,1
DA:100,1
DA:101,1
DA:104,1
DA:106,1
DA:110,1
DA:111,3
DA:112,3
DA:113,3
DA:114,3
DA:115,3
DA:116,3
DA:117,3
DA:118,3
DA:119,3
DA:120,3
DA:121,3
DA:122,3
DA:123,3
DA:124,3
DA:125,3
DA:126,3
DA:127,3
DA:128,3
DA:129,3
DA:130,3
DA:131,1
DA:137,1
DA:148,1
DA:161,1
DA:162,1
DA:169,1
DA:174,1
DA:176,1
DA:177,1
DA:184,1
DA:187,5
DA:188,5
DA:190,4
DA:192,3
DA:193,3
DA:194,3
DA:195,3
DA:196,3
DA:197,3
DA:198,3
DA:199,3
DA:200,3
DA:201,3
DA:202,3
DA:203,3
DA:204,3
DA:205,3
DA:206,3
DA:207,3
DA:208,4
DA:209,4
DA:210,4
DA:211,4
DA:212,3
DA:214,3
DA:216,1
DA:217,2
DA:218,2
DA:220,1
DA:221,2
DA:223,2
DA:226,1
DA:227,2
DA:228,2
DA:230,2
DA:233,1
DA:234,2
DA:235,0
DA:237,2
DA:240,1
DA:241,0
DA:242,0
DA:243,0
DA:247,1
DA:248,1
DA:249,1
DA:253,1
DA:254,1
DA:255,1
DA:260,1
DA:261,5
DA:262,1
DA:263,3
DA:270,2
DA:272,0
DA:273,0
DA:274,0
DA:275,0
DA:278,2
DA:280,1
DA:281,3
DA:282,2
DA:283,1
DA:286,1
DA:287,2
DA:289,1
DA:290,2
DA:291,2
DA:293,3
DA:295,1
DA:296,1
DA:297,1
DA:299,1
DA:301,1
DA:302,1
DA:304,1
DA:305,1
DA:306,1
DA:307,2
DA:308,1
DA:312,1
DA:324,2
DA:373,1
DA:401,1
DA:402,1
DA:403,1
DA:404,1
DA:405,1
DA:406,1
DA:407,1
DA:408,1
DA:409,1
DA:410,1
DA:411,1
DA:412,1
DA:413,1
DA:414,1
DA:415,1
DA:416,1
DA:417,1
DA:418,1
DA:419,1
DA:420,1
DA:421,1
DA:422,1
DA:423,1
DA:424,1
DA:425,1
DA:426,1
DA:429,1
DA:431,1
DA:435,1
DA:436,3
DA:437,3
DA:438,3
DA:439,3
DA:440,3
DA:441,3
DA:442,3
DA:443,3
DA:444,3
DA:445,3
DA:446,3
DA:447,3
DA:448,3
DA:449,3
DA:450,3
DA:451,3
DA:452,3
DA:453,3
DA:454,3
DA:455,3
DA:456,3
DA:457,3
DA:458,1
DA:459,1
DA:460,1
DA:466,1
DA:478,1
DA:492,1
DA:493,1
DA:500,1
DA:505,1
DA:507,1
DA:508,1
DA:515,1
DA:518,5
DA:519,1
DA:521,1
DA:523,4
DA:524,4
DA:525,4
DA:526,4
DA:527,4
DA:528,4
DA:529,4
DA:530,3
DA:531,3
DA:532,3
DA:533,3
DA:534,3
DA:535,3
DA:536,3
DA:537,3
DA:538,3
DA:539,3
DA:540,3
DA:541,3
DA:542,3
DA:543,3
DA:544,3
DA:545,3
DA:546,3
DA:547,3
DA:549,1
DA:550,2
DA:556,1
DA:557,2
DA:558,2
DA:560,1
DA:561,2
DA:564,2
DA:567,1
DA:568,2
DA:569,2
DA:571,2
DA:574,1
DA:575,2
DA:576,2
DA:578,2
DA:581,1
DA:582,4
DA:583,1
DA:584,0
DA:585,0
DA:586,0
DA:590,1
DA:591,2
DA:592,1
DA:593,1
DA:596,1
DA:597,1
DA:598,1
DA:603,1
DA:604,5
DA:605,1
DA:606,3
DA:613,2
DA:615,0
DA:616,0
DA:617,0
DA:618,0
DA:621,2
DA:623,1
DA:624,3
DA:625,2
DA:626,1
DA:629,1
DA:630,2
DA:632,1
DA:633,2
DA:634,2
DA:636,3
DA:638,1
DA:639,1
DA:640,1
DA:641,1
DA:643,1
DA:645,1
DA:646,1
DA:650,1
DA:651,1
DA:652,1
DA:656,1
DA:657,1
DA:658,1
DA:659,2
DA:660,2
DA:661,1
DA:662,1
DA:664,1
DA:665,1
DA:668,1
DA:670,1
DA:671,1
DA:672,1
DA:674,2
DA:675,2
DA:676,1
LF:306
LH:291
end_of_record
SF:lib/widgets/visa_flag/visa_flag.dart
DA:8,2
DA:38,1
DA:55,1
DA:56,1
DA:57,1
DA:58,1
DA:59,1
DA:60,1
DA:61,1
DA:62,1
DA:63,1
DA:64,1
DA:65,1
DA:66,1
DA:67,1
DA:68,1
DA:69,1
DA:72,1
DA:74,1
DA:78,1
DA:79,3
DA:80,3
DA:81,3
DA:82,3
DA:83,3
DA:85,3
DA:86,3
DA:87,3
DA:89,3
DA:90,2
DA:91,2
DA:92,2
DA:93,2
DA:94,2
DA:102,2
DA:118,1
DA:127,1
DA:131,1
DA:134,3
DA:135,1
DA:137,1
DA:140,1
DA:141,3
DA:143,3
DA:144,3
DA:146,3
DA:147,3
DA:148,3
DA:150,4
DA:151,3
DA:153,3
DA:155,4
DA:157,4
DA:158,2
DA:159,2
DA:160,2
DA:161,2
DA:163,4
DA:165,1
DA:166,1
DA:169,1
DA:172,1
DA:175,1
DA:181,1
DA:182,1
DA:183,1
DA:189,1
DA:190,1
DA:196,1
DA:197,1
DA:203,1
DA:204,1
DA:214,1
DA:216,1
DA:218,1
DA:219,1
DA:221,1
DA:222,1
DA:223,2
DA:225,1
DA:226,1
DA:227,1
DA:229,1
DA:231,1
DA:232,1
DA:233,3
DA:234,1
DA:236,2
DA:240,1
DA:241,1
DA:242,1
DA:243,1
DA:248,1
DA:249,1
DA:250,1
DA:254,1
DA:255,1
DA:256,1
DA:257,1
DA:263,2
DA:267,1
DA:268,1
DA:273,1
DA:274,1
DA:279,1
DA:280,1
DA:284,1
DA:285,1
DA:286,1
DA:288,4
DA:298,1
DA:299,1
DA:300,1
DA:303,1
DA:304,1
DA:305,1
DA:307,3
DA:309,1
DA:313,1
LF:119
LH:119
end_of_record
SF:lib/widgets/visa_icon/visa_icon.dart
DA:5,53
DA:13,20
DA:21,21
DA:23,21
DA:25,21
DA:26,21
DA:27,21
DA:28,21
DA:29,21
DA:30,21
DA:31,20
DA:32,20
DA:36,21
DA:37,0
DA:38,0
DA:39,0
DA:40,0
DA:41,0
DA:50,1
DA:58,1
DA:66,1
DA:68,1
DA:70,1
DA:71,1
DA:72,1
DA:73,1
DA:74,1
DA:75,1
DA:76,1
DA:77,1
DA:81,1
DA:82,0
DA:83,0
DA:84,0
DA:85,0
DA:86,0
LF:36
LH:26
end_of_record
SF:lib/widgets/visa_input/visa_input.dart
DA:10,2
DA:101,1
DA:151,1
DA:152,1
DA:153,1
DA:154,1
DA:155,1
DA:156,1
DA:157,1
DA:158,1
DA:159,1
DA:160,1
DA:161,1
DA:162,1
DA:163,1
DA:164,1
DA:165,1
DA:166,1
DA:167,1
DA:168,1
DA:169,1
DA:170,1
DA:171,1
DA:172,1
DA:173,1
DA:174,1
DA:175,1
DA:176,1
DA:177,1
DA:178,1
DA:179,1
DA:180,1
DA:181,1
DA:182,1
DA:183,1
DA:184,1
DA:185,1
DA:186,1
DA:187,1
DA:188,1
DA:189,1
DA:190,1
DA:191,1
DA:192,1
DA:193,1
DA:194,1
DA:195,1
DA:196,1
DA:197,1
DA:198,1
DA:201,1
DA:203,1
DA:207,1
DA:208,3
DA:209,3
DA:210,3
DA:211,3
DA:212,3
DA:213,3
DA:214,3
DA:215,3
DA:216,3
DA:217,3
DA:218,3
DA:219,3
DA:220,3
DA:221,3
DA:222,3
DA:223,3
DA:224,3
DA:225,3
DA:226,3
DA:227,3
DA:228,3
DA:229,3
DA:230,3
DA:231,3
DA:232,3
DA:233,3
DA:234,3
DA:235,3
DA:236,3
DA:237,3
DA:238,3
DA:239,3
DA:240,3
DA:241,3
DA:242,3
DA:243,3
DA:244,3
DA:245,3
DA:246,3
DA:247,3
DA:248,3
DA:249,1
DA:250,1
DA:251,1
DA:252,1
DA:253,1
DA:254,1
DA:260,2
DA:317,2
DA:369,2
DA:370,2
DA:378,2
DA:380,2
DA:381,8
DA:382,4
DA:383,0
DA:384,0
DA:385,0
DA:386,0
DA:389,0
DA:390,0
DA:395,6
DA:396,4
DA:397,4
DA:398,4
DA:401,2
DA:402,2
DA:409,2
DA:411,8
DA:412,4
DA:413,4
DA:414,4
DA:415,4
DA:416,2
DA:419,2
DA:420,4
DA:423,2
DA:425,2
DA:427,4
DA:428,9
DA:430,0
DA:432,9
DA:433,9
DA:434,9
DA:435,9
DA:436,9
DA:437,9
DA:438,9
DA:439,9
DA:440,7
DA:441,7
DA:442,7
DA:443,7
DA:444,7
DA:445,7
DA:446,7
DA:447,7
DA:448,7
DA:449,7
DA:450,7
DA:451,7
DA:452,7
DA:453,7
DA:454,7
DA:456,2
DA:457,8
DA:458,0
DA:460,4
DA:461,3
DA:463,4
DA:464,3
DA:466,8
DA:467,7
DA:469,7
DA:472,2
DA:473,8
DA:474,0
DA:476,4
DA:477,3
DA:479,4
DA:480,3
DA:482,8
DA:483,7
DA:485,7
DA:488,1
DA:489,2
DA:490,0
DA:492,2
DA:493,0
DA:495,2
DA:496,0
DA:498,4
DA:499,0
DA:501,3
DA:504,1
DA:505,2
DA:506,0
DA:508,2
DA:509,0
DA:511,2
DA:512,0
DA:514,9
DA:515,0
DA:517,3
DA:520,2
DA:521,4
DA:524,4
DA:525,0
DA:530,2
DA:531,4
DA:534,2
DA:535,6
DA:538,2
DA:539,4
DA:540,0
DA:542,4
DA:543,1
DA:544,2
DA:545,1
DA:547,1
DA:548,2
DA:549,1
DA:553,1
DA:555,2
DA:556,1
DA:565,0
DA:566,0
DA:567,0
DA:574,2
DA:575,4
DA:576,0
DA:578,12
DA:581,6
DA:582,1
DA:584,1
DA:585,1
DA:586,2
DA:587,1
DA:588,2
DA:589,1
DA:590,1
DA:591,1
DA:592,5
DA:593,1
DA:594,1
DA:604,1
DA:605,1
DA:606,2
DA:607,1
DA:608,1
DA:609,1
DA:610,1
DA:611,1
DA:612,1
DA:614,1
DA:617,1
DA:619,1
DA:620,1
DA:622,1
DA:624,1
DA:629,1
DA:633,2
DA:634,1
DA:635,2
DA:636,2
DA:637,1
DA:638,1
DA:639,1
DA:642,1
DA:643,2
DA:644,2
DA:645,1
DA:649,1
DA:650,2
DA:651,1
DA:654,1
DA:655,1
DA:656,1
DA:657,2
DA:658,2
DA:659,1
DA:660,2
DA:661,2
DA:662,2
DA:663,2
DA:664,2
DA:665,2
DA:666,2
DA:667,1
DA:668,2
DA:669,2
DA:670,2
DA:671,2
DA:672,4
DA:673,2
DA:674,2
DA:675,3
DA:676,4
DA:677,0
DA:678,0
DA:681,1
DA:682,2
DA:683,3
DA:684,2
DA:685,2
DA:690,1
DA:691,2
DA:692,2
DA:693,1
DA:696,2
DA:703,1
DA:710,2
DA:711,2
DA:712,2
DA:713,2
DA:714,2
DA:715,1
DA:716,2
DA:717,2
DA:718,2
DA:721,2
DA:725,1
DA:726,2
DA:732,4
DA:733,1
DA:736,1
DA:741,2
DA:742,1
DA:744,1
DA:748,1
DA:750,1
DA:751,8
DA:752,1
DA:753,4
DA:755,4
DA:761,1
DA:762,2
DA:763,1
DA:765,1
DA:769,1
DA:770,1
DA:779,1
DA:780,1
DA:781,2
DA:782,1
DA:785,3
DA:792,1
DA:793,2
DA:794,1
DA:796,2
DA:804,2
DA:805,4
DA:806,2
DA:807,2
DA:808,4
DA:809,2
DA:810,10
DA:811,2
DA:812,2
DA:819,2
DA:820,2
DA:821,2
DA:822,2
DA:823,2
DA:825,2
DA:828,2
DA:830,2
DA:831,2
DA:833,2
DA:835,2
DA:840,2
DA:844,4
DA:845,2
DA:846,4
DA:847,4
DA:848,2
DA:849,2
DA:850,2
DA:853,2
DA:854,4
DA:855,4
DA:856,1
DA:860,1
DA:861,2
DA:862,1
DA:865,2
DA:866,2
DA:867,2
DA:868,4
DA:869,4
DA:870,2
DA:871,4
DA:872,4
DA:873,4
DA:874,4
DA:875,4
DA:876,4
DA:877,4
DA:878,2
DA:879,4
DA:880,4
DA:881,4
DA:882,4
DA:883,6
DA:884,4
DA:885,4
DA:886,6
DA:887,6
DA:888,0
DA:889,0
DA:891,4
DA:892,2
DA:893,4
DA:894,6
DA:895,4
DA:896,4
DA:901,2
DA:902,4
DA:903,4
DA:904,2
DA:907,4
DA:914,2
DA:921,4
DA:922,4
DA:923,4
DA:924,4
DA:925,4
DA:926,2
DA:927,4
DA:928,4
DA:929,4
DA:932,4
DA:936,2
DA:937,4
DA:943,8
DA:944,2
DA:947,2
DA:952,4
DA:953,1
DA:955,1
DA:959,1
DA:961,1
DA:962,8
DA:963,1
DA:964,4
DA:966,4
DA:972,2
DA:973,4
DA:974,2
DA:976,2
DA:980,2
DA:981,2
DA:990,2
DA:991,2
DA:992,4
DA:993,2
DA:996,6
DA:1003,2
DA:1004,4
DA:1005,2
DA:1007,4
LF:454
LH:427
end_of_record
SF:lib/widgets/visa_link/visa_link.dart
DA:8,1
DA:22,1
DA:33,1
DA:34,1
DA:35,1
DA:36,1
DA:37,1
DA:38,1
DA:39,1
DA:40,1
DA:41,1
DA:44,1
DA:46,1
DA:50,1
DA:51,3
DA:52,3
DA:53,3
DA:54,3
DA:55,3
DA:56,3
DA:57,3
DA:58,1
DA:64,3
DA:81,3
DA:99,3
DA:100,3
DA:105,3
DA:108,9
DA:109,12
DA:111,4
DA:113,9
DA:114,12
DA:115,3
DA:116,6
DA:117,3
DA:119,2
DA:120,0
DA:122,6
DA:125,3
DA:126,6
DA:127,3
DA:128,3
DA:129,6
DA:130,3
DA:131,6
DA:133,6
DA:134,3
DA:135,9
DA:136,3
DA:137,6
DA:138,1
DA:139,2
DA:140,1
DA:143,1
DA:144,2
DA:145,1
DA:148,0
DA:149,0
DA:150,0
DA:153,6
DA:154,3
DA:158,3
DA:159,6
DA:160,3
DA:161,1
DA:163,1
DA:165,3
DA:166,3
DA:167,3
DA:168,6
DA:169,6
DA:171,3
DA:172,6
DA:173,6
DA:174,6
DA:175,3
DA:176,3
DA:177,9
DA:178,6
DA:179,6
DA:180,6
DA:185,6
DA:186,3
DA:187,1
DA:189,1
LF:85
LH:81
end_of_record
SF:lib/widgets/visa_list_item/visa_list_item.dart
DA:11,2
DA:20,1
DA:26,1
DA:27,0
DA:28,1
DA:29,0
DA:32,1
DA:34,1
DA:37,1
DA:38,3
DA:39,3
DA:40,3
DA:46,2
DA:60,1
DA:78,1
DA:79,1
DA:85,1
DA:86,2
DA:87,2
DA:91,1
DA:94,5
DA:95,4
DA:97,4
DA:99,5
DA:101,1
DA:102,1
DA:103,0
DA:105,2
DA:106,3
DA:108,4
DA:111,1
DA:112,4
DA:113,3
DA:115,3
DA:118,1
DA:119,2
DA:120,2
DA:122,2
DA:125,1
DA:126,2
DA:127,2
DA:128,1
DA:129,2
DA:130,0
DA:131,0
DA:134,2
DA:135,1
DA:136,2
DA:139,2
DA:140,1
DA:141,2
DA:144,2
DA:145,1
DA:146,2
DA:148,1
DA:149,1
DA:150,1
DA:152,1
DA:153,1
DA:154,1
DA:155,1
DA:156,2
DA:157,2
DA:160,2
DA:161,1
DA:165,2
DA:166,1
DA:170,1
LF:68
LH:63
end_of_record
SF:lib/widgets/visa_nav_drawer/visa_nav_drawer.dart
DA:9,1
DA:28,1
DA:38,1
DA:39,1
DA:41,1
DA:42,1
DA:43,1
DA:44,1
DA:45,1
DA:46,1
DA:49,1
DA:51,1
DA:55,1
DA:56,1
DA:57,1
DA:58,1
DA:61,1
DA:62,1
DA:63,1
DA:67,3
DA:68,3
DA:69,1
DA:70,1
DA:71,3
DA:80,1
DA:90,1
DA:105,1
DA:116,1
DA:120,3
DA:121,3
DA:122,1
DA:123,1
DA:125,3
DA:126,1
DA:127,1
DA:129,3
DA:131,4
DA:132,2
DA:134,4
DA:137,1
DA:139,1
DA:140,1
DA:143,1
DA:144,1
DA:145,3
DA:146,1
DA:147,1
DA:150,1
DA:152,3
DA:153,2
DA:154,1
DA:156,1
DA:158,1
DA:159,3
DA:160,4
DA:168,5
DA:169,3
DA:170,1
DA:172,6
DA:173,1
DA:174,2
DA:175,2
DA:176,1
DA:177,2
DA:178,2
DA:179,1
DA:180,1
DA:182,1
DA:193,3
DA:209,1
DA:220,1
DA:224,1
DA:227,2
DA:229,2
DA:230,2
DA:231,1
DA:232,2
DA:233,1
DA:234,2
DA:236,1
DA:237,1
DA:238,1
DA:239,3
DA:240,1
DA:242,1
DA:243,1
DA:252,1
DA:253,1
DA:254,1
DA:255,1
DA:257,1
DA:263,1
DA:264,1
DA:267,1
DA:268,1
DA:269,1
DA:270,1
DA:271,1
DA:272,1
DA:273,3
DA:279,3
DA:280,1
DA:282,3
DA:284,1
LF:104
LH:104
end_of_record
SF:lib/widgets/visa_panel/visa_panel.dart
DA:12,2
DA:23,1
DA:30,1
DA:31,1
DA:33,1
DA:34,1
DA:35,1
DA:37,1
DA:39,1
DA:43,1
DA:44,3
DA:46,3
DA:47,1
DA:48,3
DA:54,2
DA:71,1
DA:72,1
DA:79,1
DA:81,1
DA:82,2
DA:85,1
DA:87,1
DA:89,2
DA:90,3
DA:91,4
DA:95,1
DA:98,2
DA:99,1
DA:102,1
DA:105,5
DA:106,3
DA:107,1
DA:108,1
DA:110,3
DA:111,1
DA:112,1
DA:115,3
DA:117,3
DA:118,2
DA:119,2
DA:120,2
DA:121,2
DA:122,1
DA:123,1
DA:127,1
DA:128,1
DA:129,2
DA:130,1
DA:132,1
DA:133,2
DA:134,1
DA:141,1
DA:143,1
DA:144,1
DA:147,2
DA:148,1
DA:149,2
DA:153,1
DA:154,1
DA:156,1
DA:157,1
DA:158,1
DA:161,1
DA:163,1
DA:164,2
DA:165,1
DA:168,2
DA:186,1
DA:187,1
DA:188,1
DA:189,1
DA:192,1
DA:193,2
DA:194,1
DA:198,1
DA:199,3
DA:200,1
DA:203,1
DA:204,1
DA:206,1
DA:207,2
DA:212,2
DA:213,1
DA:214,1
DA:215,1
DA:218,1
DA:221,1
DA:222,2
DA:223,1
DA:226,2
DA:243,2
LF:91
LH:91
end_of_record
SF:lib/widgets/visa_progress/visa_progress.dart
DA:11,2
DA:24,1
DA:33,1
DA:34,1
DA:35,1
DA:37,1
DA:38,1
DA:39,1
DA:40,1
DA:43,1
DA:45,1
DA:49,1
DA:50,3
DA:51,3
DA:53,1
DA:54,3
DA:55,3
DA:56,3
DA:62,1
DA:67,1
DA:73,1
DA:76,3
DA:77,3
DA:78,1
DA:79,1
DA:81,3
DA:82,1
DA:83,1
DA:85,3
DA:86,3
DA:88,4
DA:89,1
DA:90,1
DA:91,1
DA:93,1
DA:97,1
DA:104,1
DA:109,1
DA:115,1
DA:118,3
DA:119,1
DA:121,1
DA:123,2
DA:124,3
DA:125,2
DA:126,2
DA:128,2
DA:129,1
DA:131,1
DA:132,1
DA:133,1
DA:134,1
DA:135,1
DA:138,1
DA:142,1
DA:146,1
DA:147,1
DA:148,1
DA:149,1
DA:150,4
DA:163,1
DA:169,1
DA:176,1
DA:179,1
DA:180,3
DA:181,1
DA:183,1
DA:185,2
DA:186,3
DA:187,3
DA:188,1
DA:190,1
DA:191,1
DA:192,1
DA:193,1
DA:196,1
DA:199,2
DA:200,1
DA:204,1
DA:205,1
DA:208,1
DA:209,2
DA:210,1
DA:212,1
DA:214,1
DA:215,1
DA:218,2
DA:233,1
DA:239,1
DA:246,1
DA:249,1
DA:250,3
DA:251,1
DA:253,1
DA:255,2
DA:256,3
DA:257,3
DA:258,1
DA:260,1
DA:261,1
DA:262,1
DA:263,1
DA:266,1
DA:269,2
DA:270,1
DA:275,1
DA:276,1
DA:279,1
DA:280,2
DA:281,1
DA:283,1
DA:285,1
DA:286,1
DA:289,2
LF:114
LH:114
end_of_record
SF:lib/widgets/visa_radio/visa_radio.dart
DA:8,2
DA:28,1
DA:43,1
DA:44,1
DA:45,1
DA:46,1
DA:47,1
DA:49,1
DA:50,1
DA:52,1
DA:53,1
DA:56,1
DA:58,1
DA:62,1
DA:63,3
DA:64,3
DA:66,3
DA:67,3
DA:69,3
DA:71,3
DA:72,1
DA:73,2
DA:74,3
DA:80,2
DA:89,1
DA:99,1
DA:102,3
DA:103,3
DA:104,1
DA:105,1
DA:107,3
DA:108,1
DA:109,1
DA:111,3
DA:113,3
DA:114,3
DA:115,3
DA:117,3
DA:119,3
DA:121,3
DA:122,3
DA:123,1
DA:124,2
DA:125,1
DA:128,1
DA:133,2
DA:134,1
DA:135,1
DA:136,1
DA:137,1
DA:138,4
DA:140,1
DA:143,1
DA:145,1
DA:146,1
DA:147,1
DA:148,1
DA:149,4
DA:150,1
DA:156,1
DA:157,1
DA:158,1
DA:160,1
LF:63
LH:63
end_of_record
SF:lib/widgets/visa_section_message/visa_section_message.dart
DA:9,2
DA:47,1
DA:67,1
DA:68,1
DA:69,1
DA:70,1
DA:71,1
DA:72,1
DA:73,1
DA:74,1
DA:75,1
DA:76,1
DA:77,1
DA:78,1
DA:79,1
DA:80,1
DA:81,1
DA:82,1
DA:83,1
DA:84,1
DA:87,1
DA:90,1
DA:94,1
DA:95,3
DA:96,3
DA:97,3
DA:98,3
DA:99,3
DA:100,3
DA:101,3
DA:102,3
DA:103,3
DA:104,3
DA:105,3
DA:106,3
DA:107,3
DA:108,3
DA:109,3
DA:110,3
DA:111,3
DA:125,1
DA:149,1
DA:168,1
DA:169,4
DA:173,1
DA:175,1
DA:176,3
DA:177,3
DA:178,3
DA:179,3
DA:180,3
DA:182,3
DA:184,3
DA:185,3
DA:186,3
DA:187,3
DA:189,3
DA:191,3
DA:193,3
DA:194,3
DA:195,3
DA:196,3
DA:197,3
DA:199,1
DA:200,1
DA:202,1
DA:204,1
DA:206,1
DA:208,1
DA:215,1
DA:216,1
DA:218,1
DA:220,1
DA:222,1
DA:224,1
DA:231,1
DA:232,1
DA:233,1
DA:234,1
DA:240,1
DA:241,1
DA:242,1
DA:248,1
DA:249,1
DA:250,1
DA:256,1
DA:257,1
DA:258,1
DA:264,1
DA:265,1
DA:266,1
DA:276,1
DA:277,1
DA:278,1
DA:279,1
DA:280,1
DA:281,1
DA:285,1
DA:286,1
DA:287,1
DA:289,1
DA:290,2
DA:291,1
DA:292,1
DA:294,2
DA:299,1
DA:301,1
DA:302,1
DA:303,2
DA:305,1
DA:306,1
DA:307,1
DA:309,1
DA:311,1
DA:312,1
DA:317,1
DA:319,1
DA:320,1
DA:321,3
DA:322,2
DA:324,1
DA:325,1
DA:326,1
DA:327,3
DA:328,1
DA:333,1
DA:334,2
DA:336,1
DA:337,1
DA:339,1
DA:340,2
DA:341,1
DA:342,1
DA:350,1
DA:352,1
DA:357,1
DA:358,1
DA:362,1
DA:363,1
DA:364,1
DA:365,3
DA:366,1
DA:371,1
DA:372,2
DA:375,1
DA:376,1
DA:381,1
DA:383,1
DA:390,1
DA:391,1
DA:392,1
DA:393,1
DA:394,1
DA:395,1
DA:396,1
DA:398,1
DA:400,1
DA:403,1
DA:404,1
DA:405,1
DA:407,1
DA:408,1
LF:162
LH:162
end_of_record
SF:lib/widgets/visa_select/visa_select.dart
DA:9,2
DA:48,1
DA:72,1
DA:73,1
DA:74,1
DA:75,1
DA:76,1
DA:77,1
DA:78,1
DA:79,1
DA:80,1
DA:81,1
DA:82,1
DA:83,1
DA:84,1
DA:85,1
DA:86,1
DA:87,1
DA:88,1
DA:89,1
DA:90,1
DA:91,1
DA:94,0
DA:96,0
DA:100,0
DA:101,0
DA:102,0
DA:103,0
DA:104,0
DA:105,0
DA:106,0
DA:107,0
DA:108,0
DA:109,0
DA:110,0
DA:111,0
DA:112,0
DA:113,0
DA:114,0
DA:115,0
DA:116,0
DA:117,0
DA:118,0
DA:119,0
DA:120,0
DA:121,0
DA:127,1
DA:147,1
DA:168,1
DA:169,1
DA:176,0
DA:180,0
DA:182,0
DA:187,1
DA:189,1
DA:191,5
DA:192,5
DA:194,4
DA:196,4
DA:197,4
DA:198,4
DA:199,4
DA:200,4
DA:201,4
DA:202,3
DA:203,3
DA:204,3
DA:205,3
DA:206,3
DA:207,4
DA:208,4
DA:209,4
DA:210,1
DA:211,2
DA:212,3
DA:214,2
DA:215,3
DA:217,2
DA:218,3
DA:220,1
DA:221,0
DA:223,3
DA:226,0
DA:227,0
DA:228,0
DA:230,0
DA:233,0
DA:234,0
DA:235,0
DA:237,0
DA:238,0
DA:240,0
DA:243,1
DA:244,2
DA:245,3
DA:247,2
DA:248,3
DA:250,2
DA:251,3
DA:253,3
DA:256,1
DA:257,4
DA:258,3
DA:260,3
DA:263,1
DA:273,2
DA:274,1
DA:277,1
DA:278,2
DA:279,1
DA:281,1
DA:282,2
DA:283,1
DA:284,1
DA:289,1
DA:290,2
DA:291,0
DA:292,0
DA:293,0
DA:294,0
DA:295,0
DA:300,1
DA:301,2
DA:302,1
DA:303,1
DA:304,1
DA:305,1
DA:306,1
DA:307,1
DA:308,1
DA:309,1
DA:312,3
DA:313,1
DA:314,1
DA:316,1
DA:317,1
DA:318,1
DA:323,0
DA:324,0
DA:325,0
DA:326,0
DA:332,2
DA:334,0
DA:335,0
DA:336,0
DA:337,0
DA:338,0
DA:341,2
DA:343,0
DA:344,0
DA:345,0
DA:346,0
DA:347,0
DA:348,0
DA:349,0
DA:353,1
DA:354,5
DA:356,0
DA:357,0
DA:358,0
DA:359,0
DA:361,0
DA:363,5
DA:365,0
DA:366,0
DA:367,0
DA:368,0
DA:371,5
DA:373,0
DA:374,0
DA:375,0
DA:376,0
DA:379,2
DA:381,0
DA:382,0
DA:383,0
DA:384,0
DA:387,1
DA:389,1
DA:390,1
DA:391,1
DA:393,1
DA:395,1
DA:397,1
DA:399,4
DA:401,1
DA:402,1
DA:406,1
DA:407,2
DA:408,1
DA:409,1
DA:410,2
DA:411,1
DA:413,2
DA:415,0
DA:417,0
DA:418,0
DA:419,0
DA:424,1
DA:428,1
DA:429,1
DA:430,1
DA:434,1
DA:447,1
DA:448,0
DA:451,0
DA:459,2
DA:460,1
DA:461,2
DA:462,1
DA:464,1
DA:467,1
DA:468,1
DA:477,1
DA:478,1
DA:479,2
DA:480,1
DA:492,1
DA:494,1
DA:495,2
DA:496,1
DA:498,1
DA:499,2
DA:500,1
DA:501,1
DA:506,1
DA:508,1
DA:509,1
DA:510,2
DA:511,0
DA:512,0
DA:513,0
DA:514,0
DA:515,0
DA:520,1
DA:521,2
DA:522,1
DA:523,2
DA:524,1
DA:525,1
DA:526,1
DA:527,1
DA:528,1
DA:529,1
DA:533,3
DA:534,1
DA:535,1
DA:537,1
DA:538,1
DA:539,1
DA:544,0
DA:545,0
DA:546,0
DA:547,0
DA:553,2
DA:555,0
DA:556,0
DA:557,0
DA:558,0
DA:559,0
DA:562,2
DA:564,0
DA:565,0
DA:566,0
DA:567,0
DA:568,0
DA:569,0
DA:570,0
DA:574,1
DA:575,5
DA:577,0
DA:578,0
DA:579,0
DA:580,0
DA:582,0
DA:584,5
DA:586,0
DA:587,0
DA:588,0
DA:589,0
DA:592,5
DA:594,0
DA:595,0
DA:596,0
DA:597,0
DA:600,2
DA:602,0
DA:603,0
DA:604,0
DA:605,0
DA:608,1
DA:610,1
DA:611,1
DA:612,1
DA:614,1
DA:616,1
DA:620,1
DA:623,1
DA:624,1
DA:628,1
DA:629,2
DA:630,1
DA:631,1
DA:632,2
DA:633,1
DA:635,2
DA:637,0
DA:639,0
DA:640,0
DA:641,0
DA:645,1
DA:647,1
DA:648,1
DA:649,1
DA:653,1
DA:666,1
DA:667,0
DA:670,0
DA:678,2
DA:679,1
DA:680,2
DA:681,1
DA:683,1
DA:686,1
DA:687,1
DA:696,1
DA:697,1
DA:698,2
DA:699,1
LF:329
LH:203
end_of_record
SF:lib/widgets/visa_switch/visa_switch.dart
DA:7,2
DA:16,1
DA:23,1
DA:24,1
DA:25,1
DA:26,1
DA:27,1
DA:30,1
DA:32,1
DA:36,1
DA:37,3
DA:38,3
DA:39,3
DA:40,3
DA:46,1
DA:53,1
DA:64,1
DA:65,1
DA:70,1
DA:71,4
DA:72,4
DA:75,5
DA:81,1
DA:84,5
DA:85,3
DA:86,1
DA:87,1
DA:89,3
DA:90,1
DA:91,1
DA:93,4
DA:95,1
DA:96,3
DA:97,3
DA:99,3
DA:100,3
DA:102,4
DA:103,4
DA:105,4
DA:106,3
DA:108,2
DA:109,0
DA:111,2
DA:112,4
DA:114,2
DA:115,3
DA:117,0
DA:120,1
DA:121,3
DA:122,3
DA:124,4
DA:125,2
DA:126,2
DA:128,4
DA:129,3
DA:130,0
DA:132,2
DA:133,0
DA:135,2
DA:136,4
DA:138,2
DA:139,3
DA:141,0
DA:144,1
DA:145,3
DA:146,3
DA:148,4
DA:149,2
DA:150,2
DA:152,4
DA:153,4
DA:155,2
DA:156,0
DA:158,2
DA:159,3
DA:161,2
DA:162,4
DA:164,0
DA:167,1
DA:169,2
DA:170,2
DA:171,1
DA:173,1
DA:174,1
DA:175,5
DA:177,2
DA:178,5
DA:180,1
DA:181,2
DA:182,2
DA:185,5
DA:187,1
DA:188,2
DA:189,2
DA:192,1
DA:193,2
DA:194,2
DA:197,1
DA:204,1
DA:205,1
DA:206,1
DA:207,1
DA:208,1
DA:211,1
DA:213,1
DA:217,2
DA:220,1
DA:223,1
DA:225,1
DA:226,1
DA:227,1
DA:228,1
LF:112
LH:105
end_of_record
SF:lib/widgets/visa_tab/visa_tab.dart
DA:11,2
DA:33,1
DA:47,1
DA:48,1
DA:49,1
DA:50,1
DA:51,1
DA:53,1
DA:55,1
DA:56,1
DA:57,1
DA:58,1
DA:59,1
DA:62,1
DA:64,1
DA:68,1
DA:69,3
DA:71,3
DA:72,3
DA:74,3
DA:75,1
DA:76,2
DA:78,3
DA:79,3
DA:80,3
DA:81,1
DA:82,1
DA:88,2
DA:94,1
DA:101,1
DA:102,1
DA:104,1
DA:107,2
DA:108,1
DA:109,2
DA:110,1
DA:114,2
DA:117,1
DA:118,2
DA:119,1
DA:120,3
DA:130,1
DA:133,5
DA:134,3
DA:135,1
DA:136,1
DA:138,3
DA:139,1
DA:140,1
DA:142,4
DA:144,4
DA:146,4
DA:148,4
DA:150,4
DA:152,4
DA:153,3
DA:154,2
DA:156,4
DA:158,5
DA:159,3
DA:160,2
DA:162,1
DA:163,2
DA:168,2
DA:171,2
DA:172,1
DA:184,2
DA:197,1
DA:199,1
DA:200,1
DA:201,1
DA:202,1
DA:203,1
DA:207,1
DA:209,1
DA:210,2
DA:211,3
LF:77
LH:77
end_of_record
SF:lib/widgets/visa_toggle/visa_toggle.dart
DA:9,1
DA:26,1
DA:40,1
DA:41,1
DA:42,1
DA:43,1
DA:44,1
DA:45,1
DA:46,1
DA:47,1
DA:48,1
DA:49,1
DA:50,1
DA:51,1
DA:54,1
DA:56,1
DA:60,1
DA:61,3
DA:62,3
DA:63,3
DA:64,3
DA:65,3
DA:66,3
DA:67,3
DA:68,3
DA:69,3
DA:70,3
DA:71,3
DA:77,1
DA:87,1
DA:100,1
DA:101,1
DA:105,1
DA:108,5
DA:109,4
DA:111,4
DA:113,4
DA:114,4
DA:115,4
DA:116,3
DA:117,3
DA:118,3
DA:119,3
DA:120,3
DA:121,3
DA:122,3
DA:123,3
DA:125,1
DA:126,2
DA:127,1
DA:129,2
DA:130,1
DA:131,1
DA:137,2
DA:138,1
DA:139,2
DA:141,1
DA:142,2
DA:143,5
DA:144,1
DA:145,3
DA:147,3
DA:151,3
DA:153,5
DA:154,1
DA:155,1
DA:156,1
DA:159,3
DA:179,1
DA:181,1
DA:185,1
DA:190,3
DA:192,1
DA:194,4
DA:195,3
DA:198,3
LF:76
LH:76
end_of_record
SF:lib/widgets/visa_wizard/visa_wizard.dart
DA:8,2
DA:24,1
DA:33,1
DA:35,1
DA:36,1
DA:37,1
DA:38,1
DA:39,1
DA:40,1
DA:44,1
DA:46,1
DA:50,1
DA:52,3
DA:53,3
DA:54,3
DA:55,3
DA:56,1
DA:57,3
DA:71,2
DA:82,1
DA:85,3
DA:86,1
DA:88,1
DA:91,1
DA:94,2
DA:95,2
DA:96,2
DA:97,2
DA:98,1
DA:99,2
DA:101,3
DA:103,1
DA:104,1
DA:106,5
DA:107,2
DA:109,2
DA:110,2
DA:111,2
DA:112,1
DA:113,1
DA:116,1
DA:125,1
DA:127,1
DA:134,1
DA:136,1
DA:137,1
DA:146,4
DA:147,1
LF:48
LH:48
end_of_record
